1 1
adopted 4
adulterer 1
adulterous 4
aggregate 2
alarm 2
alectors 1
allegorize 1
allowed 1
ambush 10
anatomist 1
andraemons 1
appointed 3
aretes 3
aretus 2
aright 1
aromatic 1
arrests 1
arts 21
asteris 1
athwart 2
attaches 1
attempts 1
authority 1
authorizes 1
authorship 5
bait 1
balls 1
barks 2
bedowd 1
bentleys 1
bigudderd 1
blacken 1
bloomy 3
body 6
boldness 2
bonds 1
boots 1
boughs 3
bow 13
brass 12
breath 14
breeze 6
breezy 3
brief 6
brightlydawning 1
buckler 2
calmy 1
cause 29
celebrating 1
chantrey 1
cheapen 1
cheers 2
cheeses 1
circle 14
circling 11
circumscribed 1
coasting 1
commenced 1
concealed 2
condemn 1
confirmd 1
consent 1
coold 1
couchd 3
countries 2
cyclopean 4
dairy 1
date 7
delian 2
detain 7
detained 2
detest 2
device 1
dimmed 1
dire 46
discussion 2
dismissd 4
displays 5
divinity 1
dolius 1
dominion 2
ear 32
eating 1
effeminate 1
elevate 1
elevated 1
eloquence 5
emulates 2
enable 1
enamelld 1
ends 11
entertaind 3
enunciator 1
eternity 1
eurymedusa 1
events 5
extent 1
extreme 3
faction 1
fading 1
faint 3
famed 12
fasque 1
fated 5
female 16
field 21
flax 1
fonder 1
foreign 26
fraud 18
friend 61
friendly 37
friendship 5
friendships 2
gale 7
galling 1
garb 2
genial 25
glazed 2
govern 1
grovels 1
guard 23
gulfy 4
gyrae 1
haird 1
handmaidens 1
handsomely 1
hangs 3
happy 30
hastes 3
hasty 8
having 28
header 2
heal 3
hells 8
helm 9
hospitably 1
house 19
howling 4
hyperian 1
ii 1
iliad 32
impenetrably 1
indulge 15
ingrate 1
inlypining 1
interposed 1
kallinus 3
killd 1
kisses 1
lair 2
laver 5
laws 13
leapd 2
lengthend 2
lovedittied 1
lusty 1
made 39
mansions 2
meed 2
miracles 1
mirth 6
mistrusts 1
mockery 1
mourn 17
my 690
need 3
neer 4
noticed 1
oard 2
observe 4
odyssea 1
odysseid 1
odyssey 20
oerflows 1
outrage 1
pampered 1
panting 6
pasture 2
patch 2
peloponnesian 1
persephone 1
pigrees 1
pirous 1
plow 1
promontorys 1
pronounce 1
proserpines 1
protecting 2
prowess 3
prowling 1
publicthey 1
queens 3
rapid 19
ratify 1
receding 1
recommends 1
reconsider 1
redhot 1
reins 3
relies 1
renewd 5
retires 2
review 8
ripend 1
roars 7
robbd 2
rural 16
sand 11
school 5
scorching 2
seabeat 3
search 8
securely 7
seemed 1
seest 3
selfbanished 1
seneschal 1
settle 2
shades 35
shaker 1
shine 15
sixth 2
slay 6
snatch 2
snoring 1
soothe 3
sportive 1
spot 1
spotted 1
stesichorus 1
storied 2
stronger 1
strove 4
submission 2
sumptuous 1
supposed 4
sure 35
surrounding 3
suspense 1
tenacious 1
thence 19
theodore 1
thickens 1
though 56
throats 1
tied 5
timed 1
times 13
tlepolemus 1
tolerably 1
touchstone 1
towering 4
tradition 6
traditions 2
trampling 1
transcript 1
transforms 1
trees 9
triumph 3
tyndars 1
ulysses 218
unapparent 2
unavailing 2
undeserving 1
unfolds 1
union 4
unperceived 2
vapours 4
veil 15
verge 6
viands 17
vicissitudes 1
virgins 6
visionary 4
volumes 2
warbled 2
wardrobe 1
waterd 1
weakness 1
wedge 1
weigh 7
welldissembled 1
wheat 4
when 225
which 166
withstands 1
zacynthas 1
