abuse 1
acamas 1
accompaniments 1
acroneus 1
actual 1
after 21
aids 2
alterations 3
amorous 5
ancestorsor 1
apprised 1
ardour 1
are 174
assigns 2
awhile 4
been 53
behests 2
betrays 2
better 20
bidding 1
bind 7
blending 1
blesses 2
block 1
boasted 2
breach 2
brushd 2
cake 1
cakes 1
cates 9
censure 1
chambers 1
chaucers 1
checks 1
cheer 4
climbs 3
clothes 2
clymenus 1
comfortless 2
condemnd 4
conjunction 1
consciousness 1
containd 2
continual 1
contracted 1
convocations 1
cool 9
correct 1
councils 1
countercharms 1
countless 2
countrys 13
course 31
crave 4
crossd 2
curls 4
decline 2
defiance 1
deiphobus 2
dependent 1
depress 1
despatch 1
dianas 2
did 26
difference 1
din 5
discourses 2
dolesome 1
dooms 4
dressd 11
dyed 2
dying 2
ecstasies 1
een 37
eight 3
embroiderd 6
empress 1
enclosure 2
engaged 2
ephimedia 1
eretmeus 1
estimated 1
evil 4
evn 5
exalted 2
expert 7
expires 3
fairest 1
far 82
fatigue 2
fed 12
fetterd 1
fired 9
flavorous 2
flesh 4
floods 19
flourish 2
footstool 2
founders 1
frenzy 1
getting 1
globe 2
godless 2
grasped 1
grows 2
guests 8
headlong 7
heavenbuilt 2
herbs 3
history 17
honeytemperd 1
hopeful 1
hue 2
human 53
humbly 1
impelld 3
impress 2
incredible 2
indignant 6
indispensably 1
inducement 2
information 2
inquired 1
insolent 1
journey 16
keenedged 1
kills 3
kindling 1
lag 1
lakes 2
laomedontiadae 1
lapse 1
larissa 1
later 3
learningnay 1
lecher 1
leucotheas 1
liddell 1
lood 1
loth 1
loyal 4
man 134
marvelled 1
mates 11
meanwhile 14
meditating 1
mid 2
mildly 2
mines 1
monthly 1
newborn 1
noblest 2
nursed 4
occasional 1
oercome 1
oermatch 1
oily 1
onset 1
opened 1
ordains 5
outfly 1
over 10
peisistratic 1
performd 2
perils 7
phantom 6
philological 1
phocas 1
piercing 4
pithys 2
pliant 2
polyneus 1
pores 1
preface 1
preferrd 6
presaging 1
priests 2
procures 1
prodigious 1
proofers 1
prophet 1
proportions 1
proposals 1
proves 2
quarrel 1
reascends 1
recitations 1
redundancy 1
refection 5
reithrian 1
relative 1
repulsed 1
retards 2
rigged 1
rose 49
roseate 3
rows 4
ruler 3
rulest 1
rumour 2
scholars 2
seals 2
secure 21
sequel 2
serious 4
serves 1
shared 8
shepherd 6
ships 25
short 17
shun 11
sinks 1
socalled 1
something 6
spiritstirring 1
spoil 4
store 18
storm 13
strauss 1
strode 4
structures 1
studs 1
stygian 6
success 9
successive 2
sued 1
suffuse 1
summons 3
surveyed 2
sustain 6
swains 5
swoln 1
tapestry 1
team 1
tempt 6
testimonies 1
thinkst 1
thones 1
thong 3
three 25
throw 9
traces 2
transmission 1
tried 3
tumbling 6
umbrageous 1
unlike 5
unmannd 1
unskilld 3
untried 1
urn 3
us 76
valued 1
venus 3
vesture 2
view 54
vine 3
vintage 3
virtue 19
visited 2
voluntary 2
vulgar 9
walks 2
warp 1
wasting 2
way 130
weep 4
wondering 6
wrong 13
yelling 1
yours 1
