aboard 7
absence 12
absorbd 1
accepted 4
achilleid 1
acquired 3
allenlightend 1
ambitious 1
amphinomus 1
animating 2
appreciate 1
argument 17
assent 1
atoms 1
auroras 1
author 18
averrd 1
battle 9
behest 2
belief 7
beloved 9
bends 13
bestauthenticated 1
betakes 2
blame 4
blood 53
bloodpolluted 1
brethren 3
brodie 1
broil 1
busy 10
calypsos 5
cases 1
cask 2
celestial 29
charm 3
checkd 2
chiefly 3
chios 6
clashing 1
cleverness 1
closed 11
coals 2
comparative 1
compassion 2
conduct 6
confer 2
confounds 3
consecrated 6
consents 1
control 9
cornel 1
covering 2
cumans 2
curbs 1
curse 3
cypria 1
darkening 1
dawned 1
deathful 7
debates 5
deceptions 1
declined 3
deep 74
deities 1
depictured 1
depths 1
desolate 2
destroy 23
difficulties 2
diphthera 1
dis 1
discernible 1
dissipates 1
draught 9
dust 13
eager 15
early 31
echephron 1
edit 1
efforts 4
eloquently 2
else 6
enigma 1
enrich 2
enrolld 1
ensue 1
entrance 2
evidently 1
expect 5
express 4
fairhaird 3
fallacious 2
farther 4
faults 1
feastrites 1
feigns 1
fenceless 1
fervent 1
fighting 2
file 3
flaming 2
flock 19
fold 8
footing 1
forbears 2
forests 7
fruits 4
full 66
garden 4
giant 14
gorgon 1
grammarian 1
grandeur 1
grassy 2
graves 1
grovel 1
hands 53
hastily 1
heavy 6
herald 21
herbage 4
holy 15
horse 4
impassive 3
indebted 1
inexorable 1
innocence 1
innumerous 1
inquisitive 1
insatiate 1
inscriptions 1
insinuating 1
intervals 2
ionian 1
iron 5
itselfa 1
jardan 1
jaws 3
laestrygons 3
laodam 2
late 26
latest 2
lest 14
libation 7
liberty 1
licence 2
lid 1
lifesustaining 1
lip 3
listed 1
longexpected 2
loosed 3
loudly 1
luxuriant 3
meaning 1
menace 1
messenger 8
mingling 4
missile 2
most 47
multitudes 2
murderous 10
narrowest 1
national 4
nearer 2
negligence 1
net 1
nobles 5
noisy 1
nose 1
nurse 1
obsequious 5
obtaind 1
offerd 2
oil 7
oilean 1
orderd 2
outline 1
oxen 7
pail 1
partake 2
partial 3
partook 1
patience 1
performance 1
phrygian 9
pisenors 1
pitied 2
plato 2
pluralist 1
poet 21
powerless 1
procris 1
providence 3
psyrian 1
public 17
purely 1
quenchd 2
questions 1
reasonableness 1
recees 1
redden 1
redistributing 1
regaind 1
remember 2
removed 4
rhexenor 2
ride 5
rightlier 1
romulus 1
roots 2
sabre 1
safely 5
scanty 1
scornful 1
scourge 3
screaming 1
sculptured 1
seagirt 2
seagreen 2
seamen 1
services 1
sewer 1
shaft 4
shoots 2
shroud 3
shrouds 4
similar 3
sincere 11
sixteen 2
spire 1
spouts 2
sprinkled 3
steep 4
strangerguest 6
strengthend 1
subdues 1
successful 1
suitortrain 3
supine 3
supported 2
supreme 7
surer 1
surpassed 2
systemwhich 1
telling 1
tendency 1
thebes 3
theorists 1
thickening 1
thither 7
thoughtful 4
thriving 1
tiresome 1
today 1
tore 6
torrents 2
tossed 1
tossing 2
traditional 2
transparent 1
turningpoint 1
unerring 3
unfledged 1
unharnessd 1
uniform 1
unpolishd 2
untamed 1
untasted 2
urges 1
usage 2
utter 1
vanishes 1
vaunts 2
venerable 4
verses 4
vestbut 1
voted 1
voyaging 3
vulcanian 1
wash 8
watch 4
web 1
whirls 5
whirlwinds 2
willows 1
wills 5
wordy 2
xvi 1
yell 2
zacinth 1
