achaian 2
action 2
adjourn 1
admissible 1
aeolia 1
aeolus 4
affairs 3
affluence 3
affords 8
ah 27
allsubduing 1
altogether 1
anger 9
anothers 3
appearing 4
arbitrary 1
arch 3
argus 1
ariadne 1
assembly 10
association 1
assuaged 1
assure 1
astley 1
attention 9
attest 4
attests 1
autumns 1
awayd 1
bat 1
belt 1
beset 2
bestbuilt 1
big 8
blushing 1
bluster 1
bower 19
branches 4
brood 2
bubble 1
build 5
burmann 1
calms 2
cankers 1
carefully 1
cattle 1
chin 2
choice 12
circles 2
claims 1
cleaving 2
cleft 2
climbd 5
climene 1
clings 1
collection 2
compiling 1
concur 1
confound 2
convinced 1
convoy 1
courser 2
crescents 1
damsels 6
debate 11
department 1
deprived 3
desirous 1
destroys 2
devine 1
devotion 2
dialect 2
digamma 2
discontented 2
discus 3
disturbs 1
dodonas 1
dog 2
dragon 1
drawn 1
drinks 3
drowsy 1
dubious 5
dulichium 6
ease 19
ebooks 2
echoed 1
editions 2
either 12
elders 2
emergence 1
encompassd 2
energy 1
enjoyd 3
enlarged 5
enter 10
entranced 2
everlasting 1
exalt 4
exalts 1
expel 1
extend 2
fainted 1
faith 24
fawning 2
firmament 1
five 6
flankd 1
fled 13
forcibly 1
foredooms 1
foremost 1
gaind 4
gave 53
germ 1
gliding 3
glutton 1
grass 1
guardian 18
gust 2
habitual 2
haunts 1
helps 1
homage 2
homely 3
homerthe 1
humankind 3
hushd 6
impends 2
imprints 1
inaptly 1
individuals 1
inglorious 8
inlay 2
inquietudes 1
instruments 3
intelligent 3
interpolations 4
interrogating 1
intonation 1
inventive 3
iphyclus 1
islanders 1
jim 1
joinings 1
jove 118
kindness 2
knew 15
leave 22
lift 2
lineage 8
maids 5
mark 8
marks 2
melt 3
memnon 2
mesaulius 1
monarchsavage 1
money 1
murder 4
myself 10
names 6
nation 10
native 79
neator 1
night 92
nuptial 11
observance 2
obstreperous 1
oerarchd 1
oft 15
olympus 4
omen 1
ones 2
ooze 3
open 10
oracle 3
oracular 1
oraculous 1
our 309
pace 9
pails 1
palaces 1
partners 3
party 1
passive 1
pastors 1
paternal 11
pauses 1
peculiar 4
permits 1
perpetually 1
phrygia 1
plough 14
pointed 9
pollux 1
polyphides 1
ponteus 1
position 3
possessed 1
prayer 19
precedents 1
prejudice 1
preserve 2
pride 28
products 2
proposed 4
pull 1
rapture 2
recital 2
recruited 1
redoubled 1
reluctant 13
report 4
resemblance 1
restraint 2
retrieve 1
rhapsodies 4
rightful 1
rolls 18
rove 10
rustic 4
savour 4
scarce 24
scream 4
sculpture 3
senior 2
servant 7
shadowy 2
shame 11
shoulder 3
shrieks 4
sickening 1
silvered 1
sisters 2
slanderous 2
snatches 1
snowy 7
societies 1
soothes 1
sparkle 1
speediest 1
sternly 5
stir 1
stood 44
stoppd 2
strain 14
strait 2
straits 1
stretched 1
strides 1
struggling 3
substantially 2
suggests 1
suitable 3
summd 1
taste 28
tenderness 2
terrors 5
tracts 3
treasure 6
tries 1
troop 3
truth 21
tumultuous 10
unbidden 1
v 2
valuable 1
verbal 2
vex 1
victors 5
viewst 2
visual 4
wanting 4
war 47
warnings 1
warranting 1
wars 7
weather 1
wellfilled 1
winded 1
withheld 1
working 2
worthlessness 1
wrestling 2
writershedelin 1
