abodes 16
abound 1
abroad 2
accosts 4
acuteness 2
adjoins 1
adorns 4
advance 4
aeoliass 1
afflict 1
agents 1
alcinor 1
allconsuming 1
allure 3
amalgamation 1
ambushd 7
animates 1
answerd 8
answered 1
apply 2
archetypus 1
aspire 3
assists 2
associates 8
astonishing 1
atone 3
attaining 1
attendant 4
attentive 5
avails 1
becalms 1
beings 1
blow 10
boaster 2
boasts 3
bottom 3
brings 15
broachers 1
brutal 3
captive 3
casks 1
cedar 1
change 11
charged 6
charmers 1
checking 1
chilling 2
chromius 1
circumfluent 2
clad 2
climb 7
club 1
concealment 1
conquer 1
conquerd 1
consequences 1
conspicuous 3
conveyd 3
cormarants 1
creations 1
curious 16
dainties 4
dame 11
darken 1
dart 8
dead 34
deaths 1
decent 10
decide 2
deemd 5
deeper 2
deforms 2
deliverd 1
designd 3
devote 1
disposed 5
door 11
dove 2
eddy 1
effects 1
elapsed 1
emotion 1
encircled 4
ensure 2
epitaph 1
eumelus 1
existing 3
exorcised 1
expire 1
exposed 1
fairer 1
fallacies 2
fathoms 1
favourite 9
feigned 2
figure 1
fleet 25
flings 1
flowing 8
foamy 4
for 381
forgetful 2
former 11
four 11
freight 6
ghost 18
golden 37
greatly 6
guess 2
guiding 5
had 109
hap 1
happiest 2
harmony 1
heave 3
heros 11
hewn 2
hither 7
hoar 1
hurl 1
hut 1
i 598
ignorant 1
imaginations 1
imports 1
impotent 3
induced 1
indulgence 1
inflamed 2
inhabitants 4
innumerable 1
intended 2
interesting 1
introduced 1
invokes 1
inwove 1
irremeable 1
itself 8
laggd 1
leafy 2
lesson 1
literal 1
longabsent 1
lookedfor 1
loudechoing 1
lured 1
lyre 11
manufacture 1
marchd 3
mares 1
meet 17
mentor 11
mere 11
merely 3
microscope 1
mien 4
mount 7
move 23
muchexperienced 1
multitude 1
narrow 3
nations 10
needful 5
notion 1
numbers 9
o 142
obeisance 3
observed 6
obstinately 2
oceans 11
odysseus 1
oftquoted 1
ogilby 1
on 467
oneeyed 1
opening 5
ordinary 1
palacecares 1
pastand 1
pavements 1
perfume 2
perpetual 2
persuades 1
pictured 1
pillard 1
plays 2
please 14
plumes 3
pluto 3
poems 35
poisons 2
pool 1
pouring 2
pray 3
precedes 4
presented 1
pretors 1
priest 2
promisd 1
proposal 2
punishd 1
pyle 12
quoted 1
rags 3
rain 2
rape 1
rebuke 1
recounts 1
refreshment 1
refuses 1
regions 12
reigned 2
reitorus 1
relation 2
restless 6
sailing 4
same 31
satisfied 4
say 64
says 4
scents 2
scorned 1
scrapbook 1
seem 8
seemly 1
sell 1
session 1
shameless 1
shoot 5
showed 2
shriekd 2
sidon 4
silver 33
sleeps 5
slighted 1
snare 1
sore 1
souls 5
space 16
spectators 2
speed 47
spousal 1
staff 2
statues 1
stealth 1
still 78
stony 2
straind 3
sublime 5
sublimity 1
sucks 1
sufficient 4
sunk 26
suppliant 20
tapering 1
tardy 1
terminate 1
thanks 2
thrones 12
thyself 7
tosses 1
towers 12
trade 3
tyrantminions 1
unanchord 1
unburied 1
unload 2
uplifted 3
vest 23
voracious 1
waits 8
wan 4
wanderer 5
warrior 8
weary 11
wellpaird 1
wields 1
winter 3
woody 4
wrongs 12
zone 6
