191 1
accent 2
accept 5
acquainted 2
added 10
advancing 7
afford 10
age 65
allbearing 1
anticlea 3
antidote 1
apaturian 1
applying 1
arrival 5
as 347
ashore 3
assumed 2
assumption 1
atlantic 1
attendance 1
attribute 3
augments 1
augur 3
augurs 1
avenger 1
bathed 3
beam 6
beck 1
bedew 4
bestreakd 1
beyond 10
blameless 4
blasphemies 1
blissful 12
boethius 1
book 22
bounteous 6
bounty 7
brandish 1
breeds 1
brooding 1
brows 7
burning 7
calld 11
car 15
cauls 1
cavernd 3
cell 1
centuries 3
certainly 1
chanter 1
claspd 2
climbed 1
collected 5
colonnade 1
condescend 1
confederates 1
confident 1
confounded 2
considered 3
continued 4
conversaziones 1
couch 9
courier 1
coursers 11
coverd 7
craves 3
cribs 1
damps 1
dear 38
deeply 3
delighted 7
descends 31
detaind 1
development 1
discover 4
discoverable 1
dissected 1
dissuade 1
dive 1
diverse 2
draughts 1
dreamed 1
drew 26
dry 4
during 2
elis 3
elysium 1
ending 2
enjoys 1
eratreus 1
essay 3
estrange 1
execution 1
exemptbut 1
exhausted 2
expectants 1
feature 4
feed 9
fellowservant 1
floor 4
flowd 5
flutters 1
foam 6
foments 1
forest 6
forever 1
forks 2
forsake 4
gains 1
gently 8
giving 2
glide 8
gloomy 18
gods 156
gored 1
governd 1
graces 4
grant 8
greets 2
groan 14
hellas 1
hellward 2
herod 1
highraised 1
honourd 8
honoured 2
horrors 10
humans 1
hungry 3
iii 1
illgrounded 1
immense 1
immolate 1
implore 13
incessant 11
indistinct 3
influence 5
injunctions 1
inner 1
inspiring 3
intend 1
intermitting 1
intrusive 1
invade 7
island 18
it 200
its 62
ivy 1
joints 1
law 2
lawns 3
league 1
level 7
loads 1
local 1
loophagi 1
maintains 3
mankind 15
married 5
material 1
mead 5
meditates 1
members 4
merry 1
mistaken 2
misty 1
monuments 1
mountainbillows 1
musicthe 1
nausicaa 11
neighbours 3
nolet 1
noon 1
nowneglected 1
obscene 3
ocean 35
odours 4
oerarching 1
oerspread 2
olives 6
ordinarily 1
overhung 1
pacific 1
panopes 1
papyrus 1
parchd 1
passed 3
pasturing 1
peace 17
pendent 2
pennd 1
penury 1
perimedes 1
perishable 1
phantomprophet 1
piled 2
pilots 2
pleaded 4
porkers 1
presumptuous 3
pretend 1
quaffd 5
raw 1
realms 33
recess 11
recompense 1
recorded 2
refulgent 11
regardful 2
regular 1
rejoin 1
remorse 1
repaird 1
repelld 1
resort 6
retard 1
revisit 3
revolved 2
riding 1
rills 4
rioters 1
rivals 7
roamst 1
rowers 1
rushed 1
rushes 3
safe 43
saffron 3
sailortrain 1
santa 1
sateat 1
saxo 1
scatters 2
sceptrd 1
schemes 2
searching 2
secondary 1
sharppiercing 1
sheathe 2
shoved 2
sinecures 1
single 4
skilful 1
slaughter 4
smiled 3
smokes 4
smyrna 3
spirit 12
spiry 3
spite 2
state 51
steam 2
supplied 13
suspended 2
tactics 1
tancred 1
tempest 19
temple 3
term 1
thick 14
thing 3
throne 34
throned 2
ties 1
tired 2
torch 1
tormenting 1
touchd 23
transformd 2
translate 1
tree 4
trenching 1
unconquerd 3
undaunted 3
undone 3
ungracious 2
unlaced 1
unpractised 2
usurping 2
vainfor 1
venetian 1
viii 1
virtuous 6
vividness 1
vouchsafe 3
waft 11
wakes 1
wasse 1
wedded 1
whether 10
wisp 1
world 16
