accepts 2
accurate 1
advises 2
afraid 1
ambrosia 1
amour 1
ancestry 1
anticlus 1
anxious 16
apocryphal 1
appealing 1
approaching 11
aspect 2
audacious 2
autumn 2
awaking 1
awed 6
back 38
bags 1
barked 1
bay 26
bc 4
beams 5
beckoning 1
beeves 8
beneath 70
bid 24
blackening 3
boeotia 1
bridegroom 1
burlesque 1
catchd 1
clamour 1
clinching 1
clouded 4
come 30
conclusions 1
consenting 1
construction 1
contest 6
contributed 1
convene 1
convulsive 2
counselld 1
covert 3
cried 42
crowds 3
cruel 3
darkens 2
decayd 3
deceive 3
declining 3
deeps 14
degrade 1
deluges 1
descried 4
deserved 2
desired 3
destine 1
devoted 2
disease 3
disposition 1
distant 40
disunite 1
divan 1
dost 5
dressed 1
duteous 7
earthly 1
education 2
egyptian 2
elusive 3
endearing 1
enjoy 6
entering 3
entertain 2
espouse 1
eurymedons 1
evidence 4
exportation 1
extensive 1
extinct 1
family 2
fearing 1
feasted 1
fiends 3
filld 12
finding 2
flattering 1
flocks 17
flouncing 1
flow 27
foliage 4
freed 3
frisk 1
frownd 5
froze 3
fullest 1
gentler 1
genuineness 1
gianthunter 1
glides 10
glow 5
go 28
goddesslike 1
grammaticus 1
grief 39
grim 1
guides 14
hang 1
harvest 3
hearers 1
hebe 1
himself 25
hippotades 1
how 90
hylacides 1
impartial 2
imperious 1
improved 1
improves 5
inhuman 1
inspires 9
interwove 2
javelins 2
jealous 4
joint 1
kallinusin 1
kissing 1
knee 4
knowst 2
lain 1
landed 3
lassitude 1
lawless 20
laying 1
lessen 1
lights 1
limped 1
lives 26
longing 5
luckless 3
magnificently 2
males 3
mansion 7
mate 6
memory 12
menaced 2
merit 5
mightst 2
misery 10
mockheroic 1
more 146
moved 17
movest 1
muchafflicted 1
music 7
neptune 31
newly 1
noman 6
notice 2
novelty 1
oerwatchd 2
ourselves 4
outride 1
paid 18
panathenaea 1
phocae 1
pledges 1
possess 5
potent 3
prayd 5
prayers 1
preparing 1
presenting 1
prey 32
proreus 1
proved 2
purple 29
raceto 1
rages 1
raging 14
raise 24
rather 18
reciters 1
reddens 1
regard 7
remarking 1
remove 8
removing 1
rends 6
repentant 3
resign 8
restrain 9
reverend 15
revised 1
ripening 1
robed 4
rooted 3
rosy 18
rugged 4
savoury 2
saw 19
scorn 5
screen 1
seaborn 2
seat 28
seeing 1
sense 20
sewers 1
shot 6
shouldst 1
sides 5
singed 3
slaughterd 2
slaves 7
slippery 1
speeding 4
stars 6
sternissuing 1
story 19
stretchd 16
successfully 1
sues 3
suggested 1
supposing 1
surging 2
swiftly 1
swims 2
tasteful 3
tears 55
thin 6
toils 40
trembling 16
trifle 1
twas 14
twenty 12
twoedged 1
unbend 1
unjust 3
unkind 1
unmarkd 2
unpaid 1
vanilla 1
vegetable 1
venal 1
vented 1
virginsword 1
wall 9
walter 1
weds 1
weighd 3
weight 13
weighty 12
where 134
whilst 17
winds 36
wines 11
winters 4
withers 3
workmen 1
wounds 6
xvii 1
