accompany 2
acquaint 2
acumen 1
adjoining 1
adriadne 1
afflicted 4
affliction 5
affrighted 1
allow 8
almost 5
alterd 2
amain 2
amassing 1
amphiaraus 2
amphion 1
amphions 1
antiphus 2
arethusas 1
arrayd 3
ascends 13
ashamed 1
attended 3
avengers 1
bask 1
beggar 1
bend 21
blazed 6
bleed 22
bloated 1
boldly 2
born 17
brazen 5
brightend 3
bristle 2
brooks 1
business 2
callow 1
caresses 1
cheerd 2
chief 45
childhood 1
christ 3
chronicle 1
circaean 1
clothed 2
clytius 1
coarse 1
comely 2
comings 1
commerce 3
composed 4
conjecturing 1
controvert 1
converses 1
crept 3
cruse 2
cumae 5
cydonian 1
dangerous 10
dare 6
debase 1
decades 1
delights 4
deplore 6
derisive 1
determined 5
diana 2
direction 1
displeasing 2
divinely 6
done 14
dramatis 1
dreading 1
drench 1
drugs 6
dulichiums 1
echeneus 2
echoing 5
effect 4
embrace 20
embraced 4
emprise 1
encircling 2
entertains 1
envious 2
epical 2
essential 1
etext 1
etherial 1
evasive 1
ewe 1
example 1
exceedingly 1
expedient 1
extemporaneous 1
eyed 7
facts 2
failed 3
fairones 1
faithless 9
females 2
fierce 37
finally 1
finish 1
fire 20
fixd 17
flew 24
folly 3
forbore 1
forth 37
forthbeaming 1
fragrance 3
fresh 11
frugality 1
gaping 2
giants 5
giantsons 1
gild 2
gilds 2
gloriously 1
goatherd 1
grand 4
green 20
grieves 3
groans 6
guidance 1
guide 23
guideless 1
gulf 4
hanging 1
harmoniously 1
heaps 10
heavenly 27
heird 1
hercynia 1
high 108
highlyflavourd 1
historic 3
honours 29
hurls 1
hyperesias 1
illustrious 16
imaged 2
imparts 3
important 8
impulse 1
incautious 1
inclemencies 1
incongruities 1
independent 1
industrious 6
injurious 1
inspired 5
intelligence 1
intends 2
investigation 1
jars 2
joy 83
judgment 2
juvenile 2
killbut 1
kissd 2
knees 6
laboriously 1
learn 20
lets 1
lids 2
limb 6
linen 2
lines 2
liquid 15
load 12
lowly 6
match 2
me 171
meanst 1
meets 2
menelaus 13
mirror 3
misrule 2
mixed 1
momentary 2
motherlion 1
motion 2
name 74
nigh 10
numberd 3
oblique 1
obsequies 1
observations 1
odour 2
odysseybegan 1
oerthrow 1
opposed 3
orb 4
ordinance 1
ourself 1
pants 1
part 46
passing 5
payne 1
peer 5
peers 33
penalty 1
peopled 1
performs 1
permission 2
phaeacians 2
philoctetes 2
phraseology 1
pinnace 2
plants 1
ploughs 1
ply 9
pole 9
possession 3
post 1
presence 4
presents 11
preserves 1
probability 6
probably 4
prolusion 1
promise 4
punish 1
questioning 1
ramparts 1
razed 1
reader 1
redoubles 1
regent 1
rely 1
renews 4
renowned 2
rent 2
restored 15
returndulysses 1
reveald 4
revellers 1
reveres 1
rill 2
root 1
rough 11
sadly 4
said 57
saved 7
scarf 2
scud 1
seafarer 1
seated 4
sent 22
shady 14
shaggd 1
shipwreckd 1
shrill 1
shrouded 1
slumber 10
snares 5
sovereigns 1
spartas 2
spectacle 1
spectre 3
spinal 1
sprinkles 1
spy 2
stilld 1
submit 1
substance 4
succeeding 2
sun 41
supper 2
suppose 4
swarming 1
sweet 27
swells 4
tales 1
tartarian 1
their 416
theme 4
thousand 7
threshold 4
thyestes 1
tongues 5
transitions 1
transport 21
trinacrias 1
true 17
twentysix 1
unbind 5
unbrokebut 1
unconsenting 1
uncouth 1
undecaying 1
unfaithful 1
unfurls 1
unlicensed 2
unrelenting 2
unskilfully 1
unspotted 1
untrodden 1
urns 6
valves 6
vault 3
versed 3
visage 3
voyaged 2
wafting 1
wanderd 5
warriors 6
weeds 3
wellattending 1
whitening 1
willingness 1
wintry 2
wondrous 25
worthies 4
wouldst 8
xanthus 1
yielded 1
