660 1
abode 4
absolves 1
accesses 1
accursed 7
acres 2
adore 3
adulterers 1
aetolian 1
allcovering 1
allowd 1
amidst 13
amphitrite 1
appeal 2
april 1
arabian 1
asks 4
auburn 1
auspicious 3
awaked 1
baneful 2
banks 5
batterd 1
besieged 1
bestow 10
bestrewd 1
betrayd 3
biographies 1
bit 2
bled 7
bodings 1
bought 3
bowyer 1
bribed 1
bride 14
briny 5
broils 1
brotherkings 1
calmer 1
carelessness 1
carry 4
ceremonies 1
cetaean 1
chess 1
choicest 17
cleaves 2
cling 1
cold 17
colophonians 1
compels 1
compiled 1
complain 1
complicated 2
concludes 2
consign 2
contends 2
contract 1
cords 1
cornice 1
crushd 1
cultivated 2
cytherea 1
dawning 3
deafend 2
deed 28
deedless 1
defined 1
delusion 3
depending 1
derived 1
described 8
devoid 1
dignify 2
disbark 1
disclosed 2
dismal 8
dispread 1
document 1
doubly 1
draw 8
drove 13
eighth 2
elate 6
ennius 1
entertained 1
expecting 2
expels 1
exploring 1
expunging 1
facilities 1
fatally 1
finished 2
firm 14
flaskets 1
flattery 3
flatterys 1
foams 2
foretold 5
forsaking 1
fountain 5
fronts 1
fuming 2
furies 1
furld 1
glowd 8
graspd 2
grieved 5
guilty 15
habit 3
halfkindred 1
harmonize 1
heapd 11
heedful 2
highbounding 1
homicidal 1
honey 2
hostile 9
humbled 4
huntress 2
iberia 1
illfated 4
imbowering 1
incline 4
inclosed 1
indiscretion 1
infant 8
infused 2
inmost 6
invention 2
irritate 1
islands 7
ithacus 8
joined 1
june 1
justify 3
known 21
laestrygonias 1
lasts 1
laughter 1
learning 1
length 47
light 40
links 2
liquors 1
loewe 2
lovely 8
majesty 8
malice 2
markd 3
matchless 4
mellifluous 1
method 3
midnight 8
midst 6
moan 2
modesty 3
modifications 1
mother 13
mounting 3
muchenduring 4
negroes 1
neighbouring 11
nerolds 1
none 15
obscurity 1
observation 2
ogygian 2
opend 2
oppressd 22
oppressors 2
outcasts 1
overboard 1
parents 17
patrimonial 1
perfect 5
perse 1
pervious 1
pined 3
pleasing 30
pleasures 2
poetryfor 1
poleaxe 1
pollution 2
portiond 1
pour 13
produce 6
produces 1
prolongd 1
proofs 2
propitiate 1
pseudonyme 1
pulld 1
pythian 1
quits 1
rapine 3
raves 5
reachd 12
recension 1
reduced 1
regain 3
remaining 2
repose 13
reproach 1
request 6
required 2
resent 2
revering 1
reward 10
right 22
riots 2
rivers 3
road 9
rob 3
ruddy 7
ruled 3
sage 33
salted 1
sandy 6
scabbard 2
scared 2
sceptred 7
scienza 1
selfconfiding 1
sink 8
sisterfruits 1
smiles 4
smoothd 3
social 20
solid 6
spheres 1
spring 12
stands 25
steeld 1
steersman 1
stormy 4
stow 1
strengthens 1
sufficed 4
summit 2
suspected 2
sweeps 3
swiftness 1
sword 26
tamed 2
tedious 10
thirsting 1
threefold 1
thunderd 6
thus 266
together 9
toss 5
towards 5
treasury 1
tremble 2
tribute 4
trojan 9
troys 5
tusky 3
unbent 1
uncontrolld 4
unfading 1
unfold 12
unseemly 1
unwieldy 3
upsprung 1
vanquishd 3
varied 3
versions 1
vessel 62
visitant 1
wears 3
welltried 1
windings 1
wine 55
wolflike 1
written 14
yearning 1
