5 1
accents 5
acquaintance 1
afterwards 4
aiming 1
ambiguous 1
animated 1
apart 9
appropriation 1
argives 1
art 56
ascent 2
ask 11
assistants 2
athenas 1
athletic 2
atlas 1
attends 17
attesting 3
augment 1
aurora 11
autumnal 2
bands 10
barbd 1
beaker 2
beating 6
bellows 1
bestowed 3
betide 1
boasters 2
bolissus 1
boreal 1
bowels 1
branch 4
cadence 1
chains 13
chase 2
cheese 1
chian 3
chide 1
circumstance 2
claimd 3
clinging 1
clytemnestra 1
confirms 2
consolations 1
conspire 1
copyist 1
corrupt 2
criticism 8
cultivate 1
cup 3
curiosity 1
dared 4
decreed 18
defeated 2
deign 4
delicious 3
demons 1
descending 14
detesting 1
dian 2
direful 13
disjoind 1
dispart 1
distinguishing 1
divine 78
doing 2
domes 5
doomd 19
doomed 2
doubleedged 1
dowry 1
dryden 1
earths 3
edition 3
eldest 2
embers 2
emphatic 1
endless 3
endlong 1
entertainment 1
erroneous 2
especially 4
estate 1
eteoneous 1
euboeans 1
exempt 3
expedition 1
eyethat 1
fair 86
false 8
fearful 1
feeding 1
filled 2
filmy 1
fluency 1
forlorn 1
freezes 1
fulfil 5
fumes 3
galley 8
garment 3
genuine 4
gird 2
gladden 1
glorious 17
goddess 95
goes 3
groand 6
grounds 4
guest 70
gurgling 1
habits 2
hammer 1
hapless 14
harm 2
harness 1
harnessd 1
heady 1
hercules 2
heroslander 1
hoarseresounding 3
hoped 5
horror 6
hovering 2
hunter 1
hurld 4
hyacinth 1
illusion 1
immediately 1
impose 3
impossible 1
increased 2
indigested 1
insensate 1
inserted 1
insulting 3
invading 1
invoke 2
ithacian 1
jelly 1
jtinsleypoboxcom 1
kid 1
knight 5
labours 33
lasting 4
launchd 6
left 30
lencothea 1
lifts 7
limits 1
loins 4
loosely 1
lover 1
lust 6
mannd 2
matter 6
mild 19
mimic 2
minerva 21
minervas 7
mirths 1
model 1
moeonides 1
moving 1
munificence 1
murmur 1
murmuring 6
murmurs 5
newshorn 1
oaths 1
obscure 4
ownd 1
paints 1
past 8
pastures 4
pathetic 2
patroclus 2
personae 1
phaecians 3
piles 1
pity 18
poised 3
poop 3
prescience 1
prevents 1
price 7
principlesome 1
propose 4
prore 1
purchase 2
pursuing 1
quit 12
quite 1
ranged 8
reach 12
reached 4
rear 8
reason 8
recognized 3
regal 16
related 2
remembrance 6
render 3
requisite 2
resides 7
resistless 1
resolved 7
respective 1
revel 6
revere 8
rosyred 1
run 14
salt 1
scar 2
scylla 10
seasons 1
seasurrounded 1
shakespere 2
shall 162
ship 40
sintians 1
skimmd 1
skin 5
small 7
sold 3
soothed 1
spares 1
spear 16
started 2
stating 1
stream 21
stripling 1
submissive 3
sucked 1
suitorcrowd 1
supporting 1
survives 4
swell 5
teats 1
theory 12
thesprotias 2
thronged 1
throngs 3
timber 1
torches 2
transpierced 1
treatise 1
turning 8
turns 9
twelve 17
twingods 1
tyrrhenia 1
ungenerous 1
unnumberd 8
utters 1
vico 1
wander 10
wast 1
wavy 3
wealthy 7
wear 4
went 11
whatsoeer 1
whereer 2
widow 1
wins 1
wolfian 4
woolly 4
worth 12
wreak 1
writers 4
yearn 1
