able 3
absolute 1
across 3
addresses 2
admired 4
adverse 10
aegyptian 3
aethiopian 1
alcandra 2
allseeing 4
amazed 1
another 15
appears 19
arktinus 1
armourers 1
assault 1
assert 5
athens 4
attached 1
augmented 1
balance 1
banded 1
bees 2
befit 1
belong 5
bleeds 5
bloom 12
blooming 21
blush 4
boil 3
bounded 1
breathe 10
cars 3
causeless 1
clouds 20
cocytus 1
columns 1
comforted 2
compose 1
composure 1
concealing 1
confined 6
considering 1
considers 1
contain 2
controversy 1
conventional 2
councilseat 1
covered 4
coward 5
craving 3
crimes 2
current 3
cursed 7
cythera 1
dance 16
dares 4
deathless 5
departed 1
desiring 3
destruction 9
dispatchful 1
disperses 1
display 10
dolphin 1
dome 50
draws 5
dumb 4
earthquakes 1
echo 2
eehephron 1
elaborate 3
elpenor 4
enraged 1
entrenchments 1
everpleasing 2
exact 2
expansion 1
falchion 11
fetters 3
fill 9
fingers 2
flea 1
foreboded 1
forgotten 1
formed 8
forsaken 1
fortunately 1
framed 1
fullfed 1
furious 15
gardens 2
gentle 17
girt 1
greet 2
grin 2
groaning 3
ground 67
half 21
halizonians 1
handle 1
happier 7
hasten 2
hateful 3
hauld 2
hears 8
honourable 1
horns 2
howls 1
hundred 8
hurried 1
hymeneal 1
iasion 1
imperfect 4
implored 3
inhale 1
inquiring 2
insiduous 1
instruction 2
into 57
ismarus 1
ithagenes 1
ivory 2
journeyed 1
jus 1
kindreds 1
knowby 1
laerceus 1
laodamas 5
lightend 1
lindus 1
lo 35
longpressd 1
main 114
marshalld 1
mayst 5
measures 7
meditate 1
medon 4
megara 1
melancholy 9
menapolus 1
merriment 1
mode 1
monarch 43
monument 9
morning 28
moulders 1
mourns 7
nausithous 2
nay 2
nectard 1
novel 1
nowise 1
observes 2
oer 205
oerturns 1
olympian 4
outward 4
paced 1
pains 2
panoply 1
partly 3
partner 5
pavement 7
periclimenus 1
perilous 1
phaethusa 1
pious 15
pit 1
place 33
plea 3
plied 4
plumy 1
plurality 1
poetry 15
pomp 15
poniard 1
precipice 1
precipitant 1
present 25
preservation 4
presume 3
prints 1
prize 17
proceed 7
profane 3
pure 9
raft 8
recent 4
reference 4
reflecting 2
refused 4
rememberance 1
resource 1
restrictions 1
ribs 2
roams 3
roaring 10
roves 2
ruind 1
ruling 2
salmoneus 1
scenes 10
science 2
scorning 1
seamew 2
seeks 2
seen 17
selected 3
shade 67
shouting 1
shuns 2
sickens 1
silverstreaming 2
slight 3
sloping 3
smith 1
smooth 24
softened 1
spacious 22
squadrons 1
stature 1
steel 5
stoopd 2
stratius 2
street 4
strings 4
stroke 8
stun 1
suggest 3
surges 7
swayd 9
tantalus 2
themes 1
thestorides 6
thinks 2
tidings 2
timeless 1
tithonus 1
tossd 22
trained 1
trains 2
transformed 1
trust 15
twirl 2
twisted 1
unbarrd 1
unconscious 6
undoubted 1
unexpected 1
unhappy 17
unison 1
unlawful 1
unseald 1
unwept 2
usually 1
vainly 3
vanished 1
vaulted 5
veild 2
vein 2
vi 1
vicegerents 1
virgin 21
walls 21
washd 1
wellstocked 1
westwind 1
whelmd 3
whirld 3
whit 1
wilt 5
winged 11
workmanship 1
worthy 9
wretchd 1
yawn 1
yawning 2
zethus 1
