acastus 1
adores 1
advise 5
aiding 1
amber 2
ambition 1
ancestor 1
argo 2
arrows 3
assassin 1
attic 2
attire 2
awe 7
bad 4
bag 1
band 26
bars 1
beauteous 22
bestows 7
bitterness 1
bold 35
books 3
bowl 37
brawny 1
breaking 1
bristled 1
bulls 2
burnt 1
careless 9
challenged 3
cheek 8
children 10
circumstances 1
cleansing 1
combined 2
commanding 1
commonly 1
compass 1
conceald 7
conquers 1
consented 1
conspired 2
constrains 2
contemning 1
contend 2
corn 3
couches 2
counsels 12
craft 1
creation 2
crete 10
crops 1
culminating 1
cultivation 1
curb 1
dampd 1
dancing 2
dastard 3
deadly 3
dearloved 1
declare 18
deems 1
deeppiercing 1
deigns 2
delayd 1
deluders 1
desires 7
devolving 2
devour 7
dians 1
disclose 12
disguised 1
dishonours 1
dispose 5
dissonance 1
distinguished 1
divines 1
do 12
doubles 1
downrushing 1
dynameter 1
earnest 3
eer 5
elpenors 2
eminence 1
eminent 2
encouraged 1
enipeus 2
errors 1
espoused 1
eurymachusfly 1
eurynomus 1
excel 2
exclusion 1
exhales 2
exist 1
expand 1
exploit 1
explored 1
faded 2
fall 27
fardreaded 1
fell 30
fence 4
fledged 1
forgetfulness 1
forgive 1
founded 1
freeze 1
frolic 1
gained 3
game 1
gems 1
gets 1
goatskins 1
grandsons 1
greek 13
groundless 1
guardians 2
guardianship 1
guile 5
handling 1
harbours 2
hear 55
heaven 132
heaves 2
heifers 1
her 401
hesiodas 1
hide 9
hilly 1
homefelt 1
hopes 18
horace 1
hospitable 33
hours 24
hung 13
icarian 1
idealizednuma 1
illsuiting 1
image 8
increasing 1
indulgent 3
inflicted 1
inheritance 1
inspire 8
insults 3
intention 1
intentive 1
intonations 1
investigations 2
join 21
joyful 8
joys 25
justice 4
knowing 1
lachmanns 2
lambs 4
lappd 1
launched 1
legal 2
legions 1
leviathan 1
lively 1
loiter 1
lot 6
lowers 1
lycians 1
madness 1
manifests 1
margins 1
master 21
materials 2
means 12
medical 1
midnightdream 1
mine 28
minister 1
minos 2
minutiae 1
monarchs 6
monsters 7
moord 2
mortals 8
mountains 27
natal 17
nature 18
neign 1
nereids 2
newlyformed 1
nights 10
nine 19
nodding 4
northern 5
nostrils 1
oath 7
obey 35
oerfly 1
omens 6
onward 1
order 29
orient 8
orions 2
owning 1
passd 26
patient 13
perfected 1
perverse 1
phaestan 1
phoenecias 1
phraseologya 1
plain 51
ploughman 1
positive 3
possible 3
poutonous 1
precious 4
presumed 1
principles 2
profaned 1
protection 2
provokes 1
publication 1
quickly 2
race 81
rains 3
rashness 2
realized 1
rebels 1
reddening 4
redress 5
refutes 1
rememberd 1
repast 20
reply 10
resailing 1
reserve 2
resounded 1
respecting 8
roarings 2
rosyfingerd 1
sailor 2
sawst 1
scornd 2
scour 1
seeking 2
seized 20
selfexistent 1
seneca 2
shafted 1
sickness 1
sidons 1
simple 3
sisyphian 1
sits 5
slackend 1
slowcircling 1
socrates 3
sojournd 1
some 144
southeast 1
speaking 4
spears 3
spires 1
stores 25
strangers 18
strayd 6
strewn 1
stubble 1
sudden 33
swam 1
sweetest 2
swine 7
tallure 1
tear 15
teeming 3
texture 5
these 168
thetis 1
thickened 1
things 11
thou 173
throng 6
took 31
treads 13
truths 2
turnd 12
twice 13
unkindly 2
unmeasured 3
unmoor 1
unstrung 1
unsustaind 1
untutord 1
upturns 1
vast 20
violate 2
visibly 1
wed 4
weedy 1
wellknown 4
wheels 5
whelm 1
while 150
whose 126
wideextended 1
willd 4
withdrew 9
wonders 4
woods 8
would 73
x 1
yester 1
yet 144
youthful 16
youths 17
