absurd 2
address 4
adventure 5
anew 3
anguish 7
antique 1
appear 16
appeard 14
approachd 5
armies 1
arrangement 3
arrow 6
astonished 4
authenticity 2
await 1
ball 6
bason 1
beacons 1
beguile 2
behaviour 1
bequeath 1
beside 9
branchy 1
bread 17
bred 5
careful 7
carved 1
causes 2
cavern 6
cerulean 2
chair 2
cheeks 4
cheering 3
circumfusile 1
classical 1
cliff 3
climates 1
closest 2
clymene 1
comes 10
companions 21
complete 6
confucius 1
constituent 1
counsellors 1
country 28
creatures 1
cumbrous 2
days 49
decorated 1
delphic 1
demand 18
detected 1
dews 6
dialogue 1
difficult 2
diminish 1
dip 1
disconsolate 1
dishonor 1
distaff 1
distil 1
distinctive 1
divergences 1
dreaded 2
dreams 5
drooping 6
drownd 3
drudging 1
dull 1
durance 1
egypt 1
embarked 1
enchaind 1
end 29
entrails 5
even 24
everdear 1
existed 4
expanse 1
extremely 1
fabled 2
faithful 33
farfamed 1
fate 103
fathers 44
fault 4
felon 1
finny 3
fishermens 1
flying 5
folding 2
followd 5
followed 4
foot 3
forge 1
forty 1
fourth 3
france 1
freshness 1
functions 1
fusile 1
general 16
german 1
glittering 20
glowing 4
graceful 14
grasps 2
guilt 4
gushing 6
halitherses 3
handed 2
hated 2
hath 6
heaventaught 1
heeren 1
herd 14
hesperus 1
hills 14
hoarse 3
hogs 1
holds 6
humane 3
impair 1
incensed 3
incidents 1
instance 1
inward 3
joind 17
kindles 1
language 11
leda 1
legends 3
libya 1
lipsius 1
lock 1
lockd 4
lord 43
loveborn 2
lycurgus 1
lyric 1
maid 36
making 1
manners 4
martial 26
matchd 1
maura 1
melampus 2
merchant 1
mercury 4
miserable 3
mist 4
muse 8
myracle 1
neighboring 2
oerburdend 1
offending 1
olympiad 1
oped 1
operated 1
ordaind 7
originality 1
pardonable 1
paused 5
permanent 1
permit 4
phaeacias 7
pilot 8
plunging 2
poetic 2
polishd 10
pollutes 1
popularity 2
potion 1
pourd 9
prized 1
productions 1
proof 2
pursue 9
qualification 1
quarter 2
rattling 3
rebel 2
reclines 1
refer 1
refunded 1
rejoins 2
removes 1
repeats 1
repentance 1
resignd 14
rests 2
retired 10
rhapsodes 1
rifted 1
ripened 1
rival 11
rivalryit 1
rocky 11
ruin 8
rules 7
safety 9
seagoddess 1
seashore 2
secrets 1
sensible 2
several 7
shake 6
shape 12
share 29
sheath 1
shelterd 1
shone 21
simples 1
singing 2
sit 6
snow 3
soar 1
softlystealing 1
sonah 1
sooner 3
sporting 1
stains 1
stalls 2
stayed 1
stings 2
stool 1
stray 8
strokes 3
strongest 3
succeed 5
suits 3
swear 9
sweat 1
sweep 11
swelling 21
tackle 1
tawdry 1
tearful 1
temples 2
thesprot 1
thoas 1
thracians 1
thrice 13
thunders 9
tormentors 1
tragedies 2
trim 1
tunic 4
tychias 1
undoubtedly 1
unlearning 1
unless 2
unpleasing 1
unrevenged 1
unseparated 1
unsown 1
unwilling 4
vase 17
vengeful 11
violets 1
wafts 1
waive 1
warrd 2
wastes 7
wealth 16
widowd 2
wild 32
wildness 1
wimble 1
wise 56
wishdfor 3
woo 1
wrestlers 2
xv 1
