630 1
access 6
active 5
adieu 3
admit 3
adored 4
adraste 1
adventurous 2
afflicts 1
alemena 1
alexander 3
amaze 4
amphikipellon 1
anticles 1
appeased 2
approved 5
asia 2
assistance 1
assistant 3
barbaric 1
barren 7
bathes 5
bebold 1
because 6
bellowing 3
bent 5
blamed 1
blandishments 1
bowers 9
brow 16
brown 3
c 3
calypso 19
came 48
carcase 1
celebrity 1
changeful 2
characterised 1
charge 14
chariot 8
chorded 1
cleard 1
cleave 3
clusters 3
compact 4
compliment 1
compress 1
compulsion 1
congeald 2
contemplate 1
contemplation 1
cottage 4
crammd 1
crooked 3
crowded 4
ctesius 1
cycle 1
cyclopaean 1
dearest 5
deck 11
defeat 1
delightful 2
delivery 2
descendant 5
deserted 1
despise 3
detains 3
determining 1
disagreed 1
disappears 1
disaster 1
disclaim 2
disclaimed 1
discourse 7
discovers 1
dishonest 3
dishonourd 1
disown 1
distinct 4
divert 2
dread 23
dried 3
eat 1
eiresione 1
embarking 1
enjoyed 2
enlighten 1
enough 5
ensued 1
entertainments 2
entrancement 1
ephialtes 1
epic 2
epics 1
existence 6
eyelids 1
eyes 110
face 28
fairly 2
fashiond 1
fears 11
feeling 7
fields 28
fitter 1
flames 18
floating 6
flown 1
force 39
forehead 3
foretells 1
freaks 1
fury 17
gait 1
gaps 1
giftsthe 1
gilder 1
gore 13
grove 15
growth 5
hallowd 2
hawk 1
heavenborn 1
hero 34
hideous 5
histories 1
honest 5
humanity 2
humble 6
hunger 26
hush 1
ideas 2
impel 2
impostures 1
inattention 1
inferior 3
inimitably 1
ino 1
interdicts 2
inured 5
inviting 1
labouring 12
laid 16
lame 1
large 15
laugh 1
laughs 3
layer 3
leaden 1
least 18
lends 4
lifes 1
listening 10
liver 2
lodged 2
lofty 24
longdescending 1
loudest 2
low 14
mace 3
mad 1
maecenas 1
manner 5
marshalling 1
meant 1
modernism 1
mound 6
mure 1
mystic 4
necessaries 1
nestor 26
nile 7
nobly 5
nonexistence 1
notions 1
now 255
numerous 8
oblations 1
odorous 3
orchomenos 2
ours 2
out 27
pain 18
paraphrase 1
patron 3
pear 3
peasant 2
performing 1
perished 1
permitted 1
phoebe 1
phylacian 1
pigmy 1
pinions 3
plates 1
plead 6
poggio 1
polites 1
port 35
portend 1
posterity 6
pounces 1
prepared 22
priam 1
produced 2
provoke 3
quaff 3
quarries 1
rare 4
reard 5
recited 3
recoiled 1
reign 33
remorseless 2
repairs 7
retorts 1
retreats 2
rivalld 1
rolling 20
ruffian 4
ruthless 1
scepticism 6
scrip 1
seamd 1
secures 1
serene 4
sets 1
seven 9
sex 4
shakes 5
shear 1
shed 18
shores 48
side 32
sighs 15
sleeper 1
sleepst 1
smoked 3
smoothbeaten 1
snakes 1
soil 13
son 103
sonorous 1
spare 6
spin 1
spots 3
spouse 10
spurnd 1
stalk 1
stayd 9
steal 4
stoles 1
structure 1
stubborn 6
subsequent 1
suddenly 1
suspects 1
swiftwingd 1
sylvan 10
symmetry 2
sympathies 1
tasks 2
thapproach 1
theft 1
then 354
thine 29
threads 5
throngd 2
tide 26
tongue 25
torment 1
toward 3
transcends 2
triple 1
turf 2
twain 3
unbounded 1
unfinishd 2
unfurl 2
united 3
unlearnd 1
unmoved 4
unrighteous 2
use 10
used 3
usher 1
utility 1
veiling 2
vent 1
vindicates 1
vineyard 1
vouchsafed 3
vowd 3
vulcans 1
wafted 1
wanderers 3
weighs 1
welldefended 1
welters 1
whale 1
wholesome 3
wingd 8
wit 10
witness 6
witnessed 1
wolf 8
wool 5
wretch 20
wrongd 1
yields 6
