11 1
aching 1
acorn 1
acute 1
afflictive 2
aged 3
agonizing 1
aimed 1
alcides 2
aloud 14
amorgus 2
analytical 2
anchors 6
animals 1
annual 4
apparent 1
arguing 1
arguments 1
around 77
arrange 1
artifices 1
assyrian 1
atrides 24
authorities 1
balkd 1
balmy 14
barbarians 3
battered 1
battles 1
bays 1
beats 2
become 4
behind 17
benevolence 1
bestowd 4
blazing 7
bloodstaind 1
boiling 5
bolt 7
bounties 4
bridal 22
brush 1
buds 1
burnd 2
burns 12
canst 1
changing 1
chastisement 1
colonel 1
colours 1
commands 17
committed 2
compel 1
compilation 3
compressd 4
conservatism 1
continuation 1
contrasts 1
controls 1
covet 1
crew 22
cries 43
criticize 1
crop 2
crows 1
crunus 1
curl 4
darkend 2
debating 1
debt 2
deem 6
deepest 3
deform 1
degree 3
deluge 2
deplores 3
determinate 1
dexter 2
discountenanced 1
dismission 1
distinctly 2
divide 18
drained 1
dream 4
dropping 3
eastern 3
elegiac 2
embossd 1
enchased 2
enlightenment 1
entreaty 1
enviest 1
equal 38
euryalus 6
exaggeration 1
faild 2
fatted 1
favours 1
feastful 4
feeds 4
feelings 3
filial 14
fit 2
flour 9
foundation 1
fragrances 1
frugal 2
furnish 2
generous 23
gladdens 1
gnawd 1
god 107
gorgeous 3
got 2
gowhat 1
graced 23
grew 9
grown 2
guessd 1
hand 99
haven 1
heap 6
hearth 4
help 8
heroes 20
heroine 1
hid 5
hourly 1
husband 5
implicit 1
implores 6
impression 1
incentive 1
ingulfd 1
inherited 1
initiates 1
injury 1
inquires 2
instruct 1
instructions 1
insufferable 1
interposing 1
invoking 2
ios 1
ismarian 1
joggd 1
keel 2
ken 2
kings 21
lamos 1
latter 1
laurelld 1
leathern 1
lent 3
list 1
listen 3
live 23
loss 5
lowd 1
luscious 5
lyrist 2
maintained 2
manual 1
masts 4
meeting 4
military 4
mingled 6
miraculous 1
moment 8
monster 10
mood 4
moons 1
morethe 2
mouth 5
musing 1
noble 14
nor 188
oerawed 1
off 17
omend 1
onomakritus 1
opponents 1
ornaments 2
overhangs 1
pale 21
pelion 1
perseus 2
phthias 1
pities 2
play 12
plowd 1
poison 2
pontonous 1
prefers 1
pregnant 1
process 2
proportion 2
prow 1
pursuits 1
ram 9
rarely 5
ravage 2
realised 1
realm 23
reassert 3
recognising 1
recoiling 1
reeling 1
refrain 5
relieve 9
remained 2
remains 12
rend 4
resolve 3
revives 2
robe 8
roused 4
sake 1
screend 2
scyllas 1
seared 1
seems 22
sentence 6
series 7
set 14
shaggy 7
shameful 2
shelly 2
shelving 3
shined 7
shore 142
should 55
shower 8
sigh 10
sighd 3
sighed 1
sighing 3
sight 42
similitude 1
sires 6
slain 22
softend 1
softest 1
sound 21
southwest 1
sovereign 15
specific 1
spouses 1
sprightly 5
stately 16
steermans 1
straight 28
strife 6
substituted 1
succeeds 3
superintendence 1
suppressd 3
surveyd 17
survived 2
sweeter 1
synod 6
talents 4
teacher 2
tend 5
tended 1
thighs 5
tityus 2
tops 2
trans 1
translation 7
trident 2
tuygetus 1
twentytwo 1
two 54
unanimous 1
unextinguishd 1
unheard 5
unregarded 1
valiant 3
vie 2
westmacott 1
whirling 7
winding 7
wisely 1
wither 2
woodmans 1
worse 4
wrenchd 1
yielding 4
