accidens 1
act 10
aeaean 2
aegyptius 3
aethiopias 2
affixd 1
allowing 1
allusive 1
alpheus 2
amphialus 2
animate 1
antinous 10
anvil 2
appease 3
applauding 1
appreciation 1
armshe 1
arrogance 1
artful 6
arybas 1
assail 1
assemblage 1
associations 2
at 281
attainment 1
awes 1
azure 19
ballad 1
bane 1
banish 3
bank 7
banquets 1
bar 1
barking 1
barley 2
base 13
bear 56
beautys 3
begins 4
behold 33
beholds 7
beneficent 1
blessing 13
board 18
brave 43
brothers 9
bubbles 1
by 455
calmed 1
canvas 3
carves 1
caucons 1
child 9
chosen 11
christian 3
circe 14
cities 4
claimst 1
cleansed 1
cloud 5
clustering 2
complains 2
complaint 1
concerning 2
confide 5
consignd 8
contains 2
contemptuous 1
convenient 2
convey 16
copies 2
counsel 13
courteous 3
curiosities 1
customs 1
danger 8
decree 13
deformd 2
defrauding 1
deignd 5
deity 1
denial 1
departing 1
designs 3
details 3
die 19
different 6
dilate 1
disappoint 1
discumbers 1
divides 8
drank 2
drawing 1
durst 1
dusky 5
duty 7
dwells 7
editorial 3
elephants 1
embracing 1
emerging 4
enterd 3
entwined 2
envied 2
eurydice 1
eurylochus 11
exclaims 3
eye 43
f 1
fattest 1
fellow 1
fibres 1
fishy 2
flat 1
flayd 2
foreseeing 1
foul 8
frailty 1
furrows 1
gathering 7
generally 2
genius 7
glitterd 3
gloom 10
gracefulness 1
habitants 3
hall 8
harden 1
hate 11
heads 7
helmet 1
herdsmans 1
hermaean 2
hexameter 1
hissing 2
honour 18
hot 1
hymns 1
hyperia 1
imprudence 1
inclement 6
inclined 4
inform 1
informing 1
instigation 1
instinct 2
involves 1
ireful 1
is 308
jovedescended 2
juster 2
kindled 4
kingdoms 1
lagging 1
laments 1
landscape 2
languish 2
lash 2
lastly 1
lemnian 1
lightning 3
limbs 28
lintels 1
loaded 6
lonely 8
longinus 1
look 15
lords 7
lots 4
lybian 1
mane 1
meals 1
mellowing 1
menaces 1
meridian 1
mingle 2
mirthful 3
mortal 39
mr 4
near 26
necks 1
neon 1
nods 1
north 4
nurtured 1
occurrences 1
oercast 1
offended 2
openings 1
ordain 8
outflies 1
overlooks 1
overtakes 1
pallas 51
pastimes 2
pharian 5
pierced 5
pierias 1
pipes 1
plan 3
plenteous 5
prayed 1
prepares 6
presage 1
prevails 4
print 2
projected 1
promiscuous 4
propitious 16
puts 1
rankd 1
receiving 2
recitation 1
recitative 1
reclosed 1
record 5
referred 1
renown 4
replied 35
repossess 1
resuming 1
reverse 2
romances 1
rue 1
rulers 4
rumbling 2
rumours 2
runs 3
sacks 1
safest 1
sailors 17
scheme 2
searchd 1
shut 2
silent 25
singly 2
skies 75
sleeping 3
sleepy 1
slippd 1
slowpacing 1
smallest 1
spartan 12
sphere 2
spreads 11
stench 1
steps 23
sties 3
stipend 1
storms 33
strengthen 1
subjected 1
submits 4
sue 1
suffering 4
sulphurous 2
summer 3
sunnyside 1
surefounded 1
sustains 3
sustenance 1
sweepy 2
sweetend 1
sympathized 1
tatterd 3
teach 4
temper 2
thinking 5
thrace 1
tibullus 1
toy 1
tumbled 1
under 10
undried 1
unenvied 1
unforeboding 1
unfortunate 2
unguents 6
upborne 1
useful 1
vagrants 2
valley 1
vengeance 39
vicissitude 1
warm 11
waste 21
watchful 6
well 41
wellrowd 1
wheel 2
wheeld 2
white 12
wildly 1
wipe 1
wolves 1
wreathd 1
wrote 2
xenophon 2
yield 15
yourselves 2
zaccynthus 1
