a 1278
abhorrd 2
abhors 2
above 58
absent 21
abuses 1
acheron 1
adherent 1
admittance 1
aerial 16
affect 2
affright 1
ally 1
almighty 6
aloudo 1
anacreon 1
anecdotes 1
anomalies 2
appeals 2
applauses 2
arcesian 1
ashes 4
asiatic 1
attracted 2
auxiliar 2
awaken 2
axe 5
axle 2
beguiled 2
bestbeloved 1
beware 2
black 20
blast 9
blest 21
boars 3
boast 22
bore 47
borrowed 1
brandishd 1
budding 2
bury 4
calls 11
capabilities 1
cape 2
carestell 1
chant 1
chanting 2
character 13
city 20
clasps 3
commission 1
composition 4
conceal 9
consistent 3
consulted 1
corroding 2
countrymen 1
crack 1
cuts 4
cyclop 7
dash 2
dawn 19
death 78
decks 3
declares 2
defect 1
delegate 3
despite 1
developed 2
devours 6
dexterous 3
dictate 3
didst 1
differing 1
discharge 2
disfigured 1
dismiss 6
dissolved 2
distemper 1
disused 1
dived 1
divisions 1
dogs 17
drop 3
duel 1
earthshaking 1
eased 1
eases 1
employ 14
enchantress 4
engage 9
epicsthe 1
equally 1
eulogized 1
exacting 1
except 4
expatiate 1
extends 5
faces 1
familiarize 1
fanes 1
favourites 1
feard 3
feet 18
fenceful 1
fervour 2
figures 4
fish 3
flashing 4
flatter 2
flourishd 2
flung 4
forbear 12
forbid 4
frames 1
frantic 3
frequented 2
front 4
furl 2
gaily 1
games 8
give 47
glows 16
grecians 2
gross 1
grote 5
guarded 1
guards 1
haild 3
happened 1
harbourd 1
have 103
heirbut 1
herb 2
hides 5
homaeopathic 1
homeward 5
hypothesis 5
icarius 6
idle 4
ills 7
ilus 2
imbibe 1
imbrownd 1
impatient 12
impressionsnay 1
inconsistency 2
indeed 6
individual 3
indulging 2
ingredient 1
insidious 5
insists 1
insolvable 1
instrument 2
intercept 8
journeyd 1
judge 8
keen 6
kuster 1
learns 2
lips 5
longwearied 1
loud 21
loves 10
magnificence 2
manuscripts 8
matron 7
maze 1
mediates 1
melting 2
mercys 1
mill 1
ministerd 1
minute 6
moly 2
morbid 1
mouths 4
neck 5
neglect 1
notno 1
obeyd 12
obtaining 1
oerlookd 1
offering 6
opposing 1
parentshade 1
pen 2
perhaps 15
phaeacia 6
phoebus 14
phoenician 4
phrase 1
piecing 1
planted 1
polish 1
preexisting 2
prefer 3
prevent 3
production 1
profusely 1
progeny 1
promising 1
prompt 3
publish 1
published 2
quivers 1
recalld 1
received 14
reciter 1
reeking 2
refined 6
refunds 2
relics 3
remaind 8
removal 2
renew 3
repasts 1
resents 1
retossd 2
revealed 1
rises 1
roll 18
rouse 1
rude 12
rung 2
sad 45
scaliger 1
scherian 2
seek 32
shatterd 1
shelter 4
shipwright 2
shows 5
signal 4
simenides 1
simonides 2
slow 15
smaller 2
solar 1
sparkled 1
sparkling 3
sparta 18
spies 5
splitting 1
starry 8
stemmd 1
stretch 11
stupidity 1
succour 4
supplies 21
supremest 1
surcharged 1
suspect 1
tables 3
task 17
taunts 4
temese 1
thoon 1
those 72
thoughtless 4
thriceeared 1
towery 3
tracks 4
tripods 2
troops 1
truly 1
ulyssesdeeper 1
undergone 1
unfrequented 1
unjustly 2
unmoord 1
vanish 1
visit 8
voyager 2
want 16
waves 51
weak 4
wheneer 2
whiten 1
whom 98
wished 1
withstood 1
woman 9
worlds 2
wrappd 11
young 39
youngest 4
