acquire 2
acts 6
amazement 1
antagonists 1
antiquity 2
appalld 3
applause 3
applies 2
argued 1
arise 30
aristoteles 1
arose 13
assuage 3
away 49
bade 11
banquet 28
battista 1
beard 1
beauty 11
benevolent 5
bewails 1
blandishment 3
blew 2
bloodless 1
boisterous 2
borrowd 1
bosom 28
bowery 1
breathless 5
bulk 2
camest 1
cares 46
ceased 20
celebrated 1
changed 6
charming 3
cherished 1
chill 1
circled 4
cloak 9
clothe 2
clung 4
combats 1
commander 1
comprehensive 2
confidence 5
conjoind 1
consistency 3
conveys 3
cordage 1
corse 2
cot 1
crib 1
crownd 42
cybele 1
damsel 4
darling 5
deepprojecting 1
defer 2
delay 15
delos 1
derives 2
deserters 2
disappointment 1
discoverd 1
disgrace 8
dispense 1
disquiet 1
draggd 3
drier 1
drifts 1
earned 1
elegant 3
emanated 1
employs 1
empty 10
enchanting 4
enfeebled 1
ephyre 2
ere 22
every 112
expose 2
external 1
fainting 3
farpiercing 1
favourd 6
fifth 4
firstfruits 1
folds 1
forced 3
forsook 2
fostered 1
fourwheeld 1
fragment 1
freedom 5
freighted 3
fruitless 1
fulfilled 1
fume 1
further 5
gay 22
glad 6
glided 2
grain 9
grovelling 1
guided 3
heaving 4
hereafter 1
hidden 2
hoist 2
horrid 13
host 19
hundreds 1
hunters 2
illuming 1
images 1
impelling 3
import 1
imprint 1
innocent 5
instead 3
interpretation 2
invests 1
inwrapping 1
irradiate 1
ithaca 44
joyous 6
labourd 5
lament 1
lamp 9
leading 3
learnd 8
lenient 1
lodging 1
looking 1
looks 5
loom 11
lowing 3
loyally 1
makes 9
manifest 4
marbles 2
mention 2
mimas 1
miss 1
mistrust 1
mixd 12
murderer 3
mute 2
nautes 1
neleus 7
next 31
nimbly 2
nourish 1
oak 5
obeyed 1
obtesting 1
omnipotence 2
one 79
opinion 5
option 1
orestes 8
origin 2
outwear 1
parent 5
partiality 1
parts 10
pay 18
peaceful 13
penelope 10
per 1
perfects 1
peril 1
perish 7
personages 1
persuade 2
pherae 2
pining 2
placed 29
pleased 23
pontonus 1
portico 5
possessions 2
preference 1
primary 2
procure 1
prophesy 1
proserpine 1
provisions 3
prudently 1
pruning 1
pupil 1
queen 87
quench 1
racers 2
ran 13
ranks 2
raptured 5
rapturous 1
reflection 3
regicide 1
reject 1
religious 2
republican 1
resounding 4
restraind 2
reviews 1
rhodians 1
rovers 1
rudder 4
sacredness 1
sacrificing 2
samian 3
scattering 2
sceptre 10
seduced 1
select 3
senseless 1
shrunk 2
shuttle 2
six 19
smoke 8
smoking 5
softer 3
sometimes 1
somnus 1
soothsayer 1
south 3
stall 3
stateliest 2
statements 2
statue 1
steeds 9
streamd 1
streets 4
subjects 8
subsistence 1
sunless 1
surrounded 3
surveys 6
sustaind 1
swain 23
taken 4
tall 14
taper 2
tasted 1
teeth 1
temperate 1
tents 1
thickets 4
thorns 1
threatening 3
top 2
tract 1
traffic 3
truncheon 2
twins 1
udder 1
unbid 1
unhonourd 1
unmingled 1
unnoted 2
unravel 1
unweighd 1
unwelcome 3
upon 46
virgil 1
waited 1
warnd 7
wave 32
wellaimd 1
wet 2
whelps 1
whence 14
whizzing 1
who 200
wholly 4
wickerbaskets 1
wiles 5
wishedfor 1
wrinkles 2
wrought 15
