absorbs 1
accomplished 1
accord 2
account 5
admires 3
advances 2
affable 3
afresh 3
aggravate 1
airs 4
allayd 2
alone 61
amphiktyonic 1
ancestors 2
apparition 2
approach 17
asleep 1
asphalion 1
athena 1
barbed 1
bare 1
beaming 2
beamy 5
bespoke 7
bestrides 1
binds 3
bird 5
blackest 1
boding 1
bondage 2
borders 1
bosomd 1
bows 4
breathes 12
bright 44
bristly 6
broadest 1
broke 14
calamitous 1
chandler 1
charybdis 6
ciconian 2
clang 2
class 7
clefts 1
cleobulus 1
combat 1
combine 2
conclude 5
convened 2
copious 17
courage 7
coverings 1
cow 1
crush 6
dalliance 1
dangling 1
dearer 2
deathlike 1
decrees 9
defrauded 1
desire 9
despatchful 3
desponding 1
destined 23
detested 3
died 11
digest 1
directs 3
dismemberd 1
dispersing 1
displayed 1
dissertation 1
distance 8
distaste 1
doubted 1
downcast 1
drain 5
dymas 1
each 102
economy 1
edged 1
effused 1
eleven 2
embraces 5
embroidery 4
enamourd 5
enjoyment 1
enlarge 1
eriphyle 1
escaped 6
essayd 1
ether 1
euboea 2
eum 1
eumaeus 29
everhonourd 2
excusable 1
exigence 1
expired 6
explains 2
fact 8
fellows 11
fertilizing 1
fits 7
fliest 1
flowery 9
fluent 1
foe 26
followers 3
following 13
forgeries 1
glares 1
glory 22
groomy 1
grottos 2
handmaid 5
haste 45
hearts 8
heroic 11
idly 1
impending 2
impostor 1
indecent 1
infatuates 1
inhabitant 2
inhospitable 1
inquire 8
internal 2
jerusalem 1
king 93
knowledge 11
lashd 5
laurels 1
leafless 1
lend 4
life 62
lightnings 2
longer 7
manuscript 5
maron 1
mass 6
massy 6
mast 22
mera 1
months 4
motive 1
mystical 1
narrative 5
neglectful 2
nitzsch 1
nod 2
nolong 1
noted 3
number 6
obeys 3
observant 9
oerpowerd 1
of 2343
only 46
oracles 4
outraged 2
pair 7
peiraeus 5
peisistratid 1
pension 1
peribaea 1
personality 2
phaecian 1
phemius 8
phylo 2
piece 2
pilgrimages 1
pines 1
pledge 9
plunged 6
ponderous 8
popular 3
porch 2
poverty 3
princes 17
probity 1
profession 2
prone 9
quaffs 1
qualified 1
quivering 5
rage 54
raptures 4
real 5
rebound 1
reclined 3
recoverd 1
regardless 3
releasd 1
religion 1
remurmurd 1
repass 3
respectful 2
restores 2
riotous 1
risesif 1
sacrificed 1
saddens 2
safer 3
sandals 9
savage 12
seald 5
seawolves 1
shipwreck 1
sign 9
silken 4
sleep 33
smothering 1
softly 1
song 31
soon 52
sorrowd 1
source 8
spindle 2
step 14
stop 1
strands 1
strange 7
strangling 1
strows 1
styx 1
substantive 1
such 91
suffer 8
sullen 6
suns 6
surrounds 7
swarmd 1
swim 2
swords 2
syria 1
table 9
tale 19
talk 3
teat 1
telemachus 64
texts 1
themis 2
thessaly 2
threat 4
toilsome 3
track 1
treacherous 2
trickling 1
triumphal 1
trusted 1
turrets 1
twelfth 3
tyrants 2
uncertain 4
undergo 3
ungovernd 2
unguarded 2
unhurt 1
uninjured 1
unpleased 1
untilld 3
untouchd 4
unwary 2
urge 12
urging 1
venom 1
vents 1
vexd 1
vii 1
vines 6
virtues 5
voyage 25
waiting 2
wanton 5
warn 3
waters 23
welltaught 1
widely 1
withdrawn 3
wraps 1
wreathy 1
zacynthus 1
