about 13
achilles 15
admiration 7
admonishd 2
aided 1
aim 3
am 20
angel 1
arcesius 2
arrangers 1
ascendency 1
askance 2
assiduous 1
avowd 3
bard 18
battening 1
beautiful 1
beds 3
belongs 7
bentley 3
bereft 1
besides 3
blessings 7
burn 7
bursts 1
cadmus 1
capable 2
captain 1
caressd 1
ceasing 1
cenotaph 1
chaind 2
characteristicsstill 1
church 2
clytonius 1
coercive 1
colour 1
column 6
commit 2
communicated 1
completes 1
confessed 1
constraind 4
contented 1
contents 1
contradictory 1
convoke 1
corruptions 2
courts 5
credit 1
credulity 2
crystal 6
deal 1
debarking 1
decaying 1
degrees 1
deludes 1
demands 17
demeanour 1
demodokus 1
deny 10
detention 1
dew 5
discoveries 1
discussions 1
displease 1
distills 1
distrustful 1
domain 6
downward 2
drink 3
driven 8
dues 2
earlier 6
ells 1
elude 3
employd 2
employed 6
enquire 1
entreaties 1
epoch 1
evantheus 1
exists 1
expands 3
familiar 11
famous 1
farewell 5
farm 1
figtree 1
fills 9
firstlings 1
fix 9
flash 1
fleece 5
fleecy 10
flood 24
follies 1
forbidding 1
forfeit 2
forsakes 1
fragrant 13
frauds 3
friendlier 1
frogs 1
glimmerd 2
gloves 1
goatnursed 1
goodly 1
grow 5
hard 6
harms 3
havoc 2
he 724
hecatombs 8
height 12
heir 22
highheapd 1
hiss 1
hisses 1
hoard 2
homers 4
hospitality 3
hour 60
idea 1
idomen 2
imprecations 1
imprisond 3
incestuous 1
indulged 1
inflict 3
injuries 1
inly 2
integrity 4
intellect 1
intercepts 2
interview 1
intrusion 1
javelin 8
keeps 2
lachaea 1
largest 5
last 46
laughing 1
leagued 3
learnt 1
lessening 3
let 95
lethargy 1
leucadia 2
lick 1
lifelike 1
likely 2
liking 1
lingering 2
lone 3
looked 3
loudacclaiming 1
mandate 2
manhood 5
mentors 3
milking 1
milks 1
mix 3
moor 6
moral 1
moves 22
muchloved 1
navy 10
neaea 1
neckjointmy 1
needless 1
needy 3
objected 1
obscener 1
obtain 4
often 5
ominous 1
opinions 3
outcast 2
owed 3
paeon 1
painful 6
palpable 1
pant 1
parterre 1
patrongod 1
peerage 3
perfidious 3
persevering 1
persons 4
persuasion 2
phaeacian 9
philomelidies 1
picturesque 1
pirates 7
plaint 1
plane 1
pleads 1
plenty 3
plighted 1
pointing 2
points 7
poisond 1
popes 5
poplars 4
posting 1
praised 1
projecting 1
pronounced 1
proud 38
provides 1
punishes 1
raised 11
reascendwith 1
reside 7
reveal 7
revenge 11
ridge 1
rifled 1
rights 5
ripens 1
robbers 1
roofs 5
rowd 1
scaped 6
seconds 1
seeds 2
seize 23
send 21
shields 3
shippd 2
shriek 2
shrines 1
skim 3
smooths 1
sorts 1
spoilers 2
stabbd 3
stake 4
stalkd 4
staples 1
steers 1
strive 7
struck 9
subdued 1
summarily 1
suniums 1
suppress 1
swarthy 1
tablet 1
tainted 1
taints 3
talons 1
terrible 3
testifies 1
theban 6
thrills 1
tilting 4
timorous 3
tinsley 1
train 118
transmissive 3
triumphs 2
turn 24
twines 1
until 2
unwise 3
usurp 2
vales 1
valleys 1
vigilance 1
visits 1
waking 2
warranted 1
warring 2
warriormaid 1
waxen 1
webs 1
whereupon 2
whirlpools 2
whistled 1
wide 48
wife 13
wire 1
wooly 1
woos 1
wore 5
wound 16
wretches 2
writing 9
years 56
you 84
your 157
zephyrs 1
