abashd 4
achieve 1
adopt 1
adorned 1
advanced 7
advice 4
advices 1
aera 3
agamemnon 5
alas 18
alois 1
aloof 2
altar 2
altars 14
always 4
amid 15
an 144
appeared 3
archilochus 3
areas 1
arms 85
artacias 2
artifice 1
ascertained 1
ascribed 2
askd 6
august 1
auster 1
avenging 6
awake 2
bearing 1
beasti 1
befell 1
begun 9
belchd 1
blushd 2
blushes 2
boreas 5
brisker 1
brother 13
burden 4
burst 5
canopy 1
captives 2
caster 1
casting 1
castor 2
challenge 2
chanced 3
chastend 1
chieftain 1
clear 5
closely 1
coffers 1
companion 8
compare 2
compelld 3
conceived 2
conclusion 1
conditions 1
contemplating 1
contrary 2
cooper 1
costly 7
cretheus 2
crossing 1
curld 1
cyclops 12
cypress 2
daily 4
dazzling 3
decay 13
deepmusing 1
denote 1
dens 1
depends 1
deplored 7
deriding 1
detect 1
difficulty 7
diocleus 1
disdaind 2
dispersed 5
disqualification 1
dissembling 2
disturbed 2
doubtful 7
doubtless 2
downy 3
ductile 2
efface 1
elegance 2
encumbered 1
enthusiasm 3
entreat 1
eternal 30
evermusing 1
executed 1
expressed 4
fables 1
falln 1
fast 20
fat 7
fertile 5
fiend 5
firs 1
foes 22
frequent 8
frequents 2
fulfils 1
furnished 1
gasping 1
gate 19
gilded 2
glade 1
glassy 2
glories 6
goodnatured 1
gracious 5
great 123
griefs 8
hardening 1
harpies 2
heaping 1
heartwounded 2
higher 3
highflaming 1
hilt 1
honorary 1
illdeserves 1
illgot 1
imaginary 1
imitate 3
immediate 1
imperial 26
impious 10
incidental 1
inclosure 3
insight 2
insignificant 1
insolence 8
instant 36
intemperate 1
interwoven 2
intoned 1
invited 3
isle 33
ithacensians 1
iv 1
jocasta 1
joyd 2
laves 1
lawgivers 2
leather 2
less 28
leucothea 1
lists 1
little 15
loppd 1
loving 1
luxury 5
maintain 2
marching 1
masters 2
mature 4
mayest 1
mazes 3
midmost 1
milky 2
miseries 9
mules 8
murky 1
narrower 1
nestorean 1
new 40
nightly 1
ninth 1
nocturnal 2
noontide 1
nothing 6
offer 1
office 4
oppresses 1
ore 4
owest 1
partakes 1
phaeas 1
phidon 1
playd 2
ploughd 6
poem 23
polypus 3
poplar 1
portals 8
praising 1
prescient 3
preserved 2
preside 2
prodigies 1
pushd 1
put 5
quick 5
quocunque 1
racer 2
rancour 1
reassume 1
recede 1
recite 3
reechoes 1
rejected 2
rejoicing 3
reposed 2
represented 2
retain 4
retreat 7
reviving 1
ridgy 1
ritual 2
rod 6
satiate 4
scarcely 3
seadog 1
seeming 1
serpent 1
shield 8
shouts 1
silence 18
size 10
sloped 1
smiling 9
snappd 2
sober 2
sorrows 26
spake 5
species 2
splendid 8
sprung 27
steady 2
stem 7
stirred 1
stirs 1
struggle 1
suffers 3
suitorthrong 1
taking 2
tells 2
textures 1
thank 1
thief 1
think 11
threats 1
timely 5
tone 1
tongs 1
torrent 4
tottering 1
touches 1
transcendent 1
trinacrian 1
truest 1
twining 2
undertake 1
unequal 7
unmatchd 2
unpunishd 1
unrecorded 1
upward 1
venture 2
victims 10
victorious 2
village 1
voice 59
wait 28
warlike 3
warmd 2
what 226
whistles 1
whither 9
why 37
wish 11
withstand 2
