accost 3
adding 1
addressd 32
affiliation 1
antilochuswhat 1
apace 2
apollos 3
arm 22
arrives 9
assisting 2
assurance 2
attires 2
attract 1
awakes 4
basest 1
bead 1
beast 5
being 10
bending 8
blithe 1
bolted 1
bones 2
bounds 16
braced 2
breasts 1
breed 4
calculated 2
canisters 8
cannot 11
cassandra 1
cast 27
ceres 2
champions 1
changes 4
charmd 6
chastised 1
choir 3
claws 1
clinchers 1
cloth 1
cluster 1
coined 1
common 9
complaints 1
conception 1
consider 2
constant 11
constrained 3
constraint 2
contradictions 3
conversation 4
cost 2
crataeis 1
crimson 1
cutlass 1
dark 27
degeneracy 1
demon 5
descent 5
destroyed 1
disjointed 1
dismay 2
disobey 1
divining 1
doleful 1
donation 1
doors 4
dreary 8
drunkards 1
dulcet 1
ears 8
effectually 1
enjoind 1
err 1
erymanth 1
euryclea 5
eurymedes 1
evils 2
exiles 1
expounds 1
extremest 2
exulted 1
fabric 2
failing 2
fancied 3
fane 2
feels 4
felt 4
fetter 2
firmer 1
flame 11
flexions 1
follow 8
forceful 2
formation 1
fouler 1
fragments 11
frame 16
friends 62
frightened 1
fro 1
frothy 1
given 28
gluttons 4
gortyna 1
grave 17
greatest 5
guileful 1
gush 1
hardest 2
harmonious 6
heedless 3
herds 20
hint 1
howeer 2
humour 1
hurtling 1
ilion 11
immortal 28
impervious 4
impetuous 6
improbable 1
in 1407
included 2
ingenuity 4
innavigable 1
interdicted 1
interest 2
inviters 1
isles 3
jejune 1
jutting 2
knot 1
lake 3
lamentations 1
lampetie 2
lance 1
lay 75
learnedbut 1
leaving 2
lifted 2
lion 4
locks 2
lost 60
lowdepending 1
luxurious 8
magnificent 3
mail 2
maimed 1
malaes 1
marble 12
marched 1
mariner 3
meditated 3
meditatest 1
memoirs 1
memorial 4
men 67
ministers 2
misfortunes 2
naval 8
necessary 2
nectar 4
news 5
occasion 2
oerlooks 3
oerspreads 2
offspring 12
old 53
oppress 3
or 336
ortygia 2
osierfringed 1
ossa 2
otherwise 2
outstretchd 1
owner 1
pamperd 1
paviliond 1
pedestals 1
perfection 3
phantomnations 1
phrontes 2
pillars 1
plot 1
ponderd 1
pondering 1
pretence 1
promised 13
props 1
prospect 10
purpose 10
purposed 2
ragged 3
rashly 2
readable 1
recast 1
recently 1
reciting 1
relate 26
relight 1
remarks 3
repair 22
repeat 4
repulse 2
resembling 2
result 7
retire 4
ridicule 1
ringlets 3
rivalled 1
roam 13
rouses 1
sale 1
savours 1
scorchd 1
scorched 1
seels 1
seldom 2
selfdenial 1
selfmurderd 1
separate 6
sharpend 3
shines 14
shortend 1
shrieking 1
shrine 2
sincerity 1
sinking 5
skill 12
sly 1
smoky 3
sole 16
solemn 19
sorrowing 2
soul 113
speeds 1
spouseless 1
stain 5
stamp 1
startling 1
steadfast 3
steed 5
stills 1
stone 12
stones 3
stoops 1
strains 2
streams 18
strikes 3
stripping 1
stuck 2
style 6
succinct 1
superstitions 1
suppliants 4
swallow 1
takes 8
tender 29
tenor 2
thankful 1
themselves 8
there 168
theseus 3
thread 3
thunderer 4
thwart 2
till 108
torn 15
treason 2
trifling 1
tripod 3
tumult 4
tuneful 4
twicetold 1
tydides 3
unblamed 1
uncompelld 1
unconquerably 1
unlade 1
unmindful 1
unquiet 1
untying 1
up 19
vapour 1
various 42
venerates 1
vests 6
viewing 1
wakeful 2
wantond 1
watchd 4
weaved 1
whispers 1
wicked 6
willed 1
wood 24
woodland 6
wrapped 2
writings 1
youth 64
