1971 1
abandond 4
absolved 1
add 4
admire 6
aethiopia 1
airbred 1
alarmd 1
alcinous 38
alcove 1
among 17
ampler 1
antihistorical 1
armourer 1
ascribe 1
aspires 1
assay 1
assign 3
aught 7
beheld 10
besmear 1
blows 3
blustering 2
breast 72
caitiffcorse 1
camps 1
canister 1
captivate 2
care 116
carouse 2
cave 20
celebrate 1
chariots 2
charmed 1
chastise 1
cheerful 7
chests 1
childrens 1
clitus 1
colony 1
compared 1
comprised 1
concussion 1
conflict 1
conjure 1
constrain 6
consult 9
contentment 2
council 21
count 1
crackling 3
cubits 1
curling 4
cut 13
cynthia 1
dardan 1
dazzled 1
deeds 12
delicate 1
demodocus 6
desert 13
detests 1
dewy 5
dismayd 1
disposal 1
doubled 1
dreads 1
dreamt 1
droop 1
droppd 8
dryads 1
eluded 2
embarks 3
english 2
epirus 1
erected 1
esteem 1
expanded 3
expense 2
factious 2
falls 10
fanciful 1
fatal 9
featherd 2
fiction 1
fiery 7
figured 1
flitting 1
floats 3
flowers 4
flushd 2
follows 2
foolish 1
forebodes 2
forget 6
formidable 1
fortieth 1
fought 1
fountains 6
frail 4
fraught 3
frown 2
fruit 3
furrowd 2
gathered 1
gaze 17
get 1
girding 1
glades 2
glance 3
goal 2
goat 5
goods 1
governs 1
grammarians 4
grey 1
halfviewless 1
hast 17
hecacombs 1
hecatomb 1
hector 1
heifer 1
henceforth 3
humbler 2
hymens 1
hymn 3
ill 20
imploring 1
impulses 3
incongruity 2
inconsistent 2
injustice 2
inquirst 1
interrupts 1
inwrought 3
jasons 1
junos 1
justly 3
kindred 2
know 48
landor 1
lands 12
leaves 11
lesbian 2
lieu 1
lightly 1
lived 5
long 91
lotophagi 2
lucid 3
lustre 8
majestically 1
manage 1
mans 7
mantled 1
manylanguaged 1
melodious 1
message 2
metal 2
milk 5
mindful 3
modest 8
mothers 16
motives 1
mutterd 2
negative 1
nerve 3
oeraching 1
oozy 1
ops 2
original 7
ornament 1
others 19
otus 1
oval 1
owe 9
parody 2
parted 4
perfumed 1
pero 2
pinches 1
places 2
plaintive 1
pleasure 8
plutos 4
polypheme 3
pompous 3
populace 1
praise 28
previous 1
prodigy 1
prolific 3
protected 1
quilts 1
reigns 8
released 3
relief 2
resumed 2
reveals 4
reversed 2
ribbd 1
riot 19
rooms 3
rosyfingered 1
round 74
row 2
sagacity 2
sands 7
sanguine 2
scaly 3
scorns 3
scourges 1
sculpturd 1
scyros 1
secession 1
seducements 1
selfconsidering 1
severely 2
shalt 12
shew 1
shipwrecked 2
shoulders 10
sifted 1
sir 3
sisyphus 1
sketch 1
sky 52
slew 4
slumbers 9
smile 4
so 178
sobs 2
soft 56
sources 1
spread 47
spreading 6
springing 5
springs 16
staind 1
start 4
stay 40
stern 41
strechd 1
strewd 4
stung 7
subsides 4
suitor 7
suitors 28
surpassd 2
surprise 11
swimming 1
swung 1
telemus 1
temperd 3
tendencies 1
total 2
transform 1
travels 2
tread 16
trembled 3
tristram 1
triumphant 2
trod 17
trophies 1
troubled 4
try 16
twanging 2
ungrateful 6
unknowing 2
unlockd 1
unprosperous 1
unresisted 1
unruly 2
unsavoury 2
unseen 11
untruths 1
upsoard 1
vaini 1
viewless 4
vile 7
vow 4
waist 2
wallowing 1
wand 11
wanders 5
warriorhost 1
wartriumphant 1
wellfed 1
wept 9
whistle 2
whoeer 7
wind 28
wisest 4
wishes 5
wives 5
wooden 1
word 28
