2002 1
abundant 1
according 4
acknowledges 1
acutenesswhich 1
addressed 3
adjective 1
admiring 1
adventures 5
affrights 1
agree 2
alexandrine 1
alliance 1
allows 7
alternate 9
ambient 1
amphinomos 1
anchor 3
ancient 27
astonishd 4
attained 2
attainments 1
attemperd 2
attend 52
attending 8
authors 4
before 92
beginning 4
begone 2
birth 13
blindness 2
blue 4
boy 10
branching 1
bribes 1
bulky 1
busied 2
capacious 10
chanters 1
check 5
chines 1
cimmerians 1
cisterns 1
clash 3
clime 5
close 29
cloudy 1
cock 1
comparatively 2
compilers 2
confounding 1
conjecture 1
consecrate 2
consume 6
continually 1
converse 2
crime 5
critheis 3
cuff 1
darkness 14
darts 1
deceives 5
decently 1
defenceless 1
delivers 1
depend 1
descries 3
despair 11
devourd 1
diffuse 3
dilating 1
directing 1
discovery 2
dismissed 2
distress 6
double 9
doubts 3
down 49
draind 1
dramas 1
ebook 5
echoes 3
ecstatic 1
eludes 2
embellishments 1
entire 3
equippd 2
erased 1
erectheus 1
ewes 3
expression 1
fanning 2
fatlings 1
fenced 6
fine 2
fixed 1
flaccus 1
flashd 2
flight 22
fluttering 2
forgot 10
formd 15
forthissuing 1
fortune 16
forward 7
frost 1
fully 1
funerals 1
garments 12
gates 13
gift 15
girl 2
goblet 14
graze 4
grecian 20
greeks 24
guiltless 1
hamlet 1
happily 1
has 69
heartfelt 1
heavens 36
heavier 1
helped 1
herdsman 1
hereditary 2
hollow 6
hurt 1
illusions 1
imagination 5
imbrued 2
imposture 1
incloses 1
infernal 9
invades 4
jovial 6
joyless 1
labyrinth 1
lave 4
lawful 1
lays 5
lead 11
led 33
lewd 3
like 67
line 15
lineal 1
loaden 1
loan 1
loose 3
lordly 2
lovers 2
luxd 1
maias 1
male 1
march 4
mice 1
milkwhite 1
minstrel 1
misfortune 2
mosaic 1
mossy 1
mounted 1
naked 13
named 11
nervous 1
nonreading 1
numbering 1
nuova 1
nuptials 4
obedient 17
obvious 2
oerpassd 1
offensive 1
older 1
omnipotent 1
oppose 4
orion 2
paphos 1
particular 2
parting 8
passages 3
paths 6
pears 2
persuasive 1
pertinacious 1
phlegethons 1
plains 11
planks 3
plausible 2
powers 51
prepare 35
presses 1
princely 3
profess 1
profound 9
pronunciation 1
ptolemies 1
pursued 5
question 15
receives 11
recesses 2
recur 1
refresh 1
regarded 2
region 8
rejects 1
relent 2
relieved 5
replete 2
reputation 4
respect 7
retentive 2
return 65
revolving 9
rhadamanth 1
riches 5
riper 2
robes 23
royal 85
sages 2
saild 6
satires 1
scatter 1
scheria 2
scholia 1
seamaids 1
seats 7
see 33
servanttrain 1
setting 8
shallows 1
sheep 13
shelfy 3
sincerely 1
siren 2
skydyed 1
slender 1
solymes 1
sorrow 18
sour 3
speaks 11
speedy 5
spent 7
spoke 71
spotless 6
stranger 53
studious 15
support 3
surge 17
take 20
talent 3
tames 1
tasso 1
tatters 1
tempers 3
that 395
this 260
tinged 1
touch 11
touching 2
town 15
traditionary 1
traitor 3
transports 3
travelld 1
traveller 4
trinacria 1
trouble 2
troublesome 2
tufted 2
tunics 1
urged 17
valour 5
value 4
varies 1
varying 3
venial 1
visions 3
wanderest 2
warriorband 1
weeps 5
west 6
wherever 1
whole 40
wings 13
wishing 2
work 17
wrath 25
