abides 2
abyss 1
accords 1
accustomed 1
achilleis 1
acquaints 1
actions 2
adamantine 2
additions 1
adornd 5
against 26
agonies 1
airy 8
alders 2
allknowing 1
allured 1
analyzing 1
anchialus 2
angles 1
announced 1
announcement 1
antiope 1
antiphates 2
apples 3
avowed 1
basons 1
bath 10
bearst 1
bed 48
between 8
beverage 4
bids 14
blank 2
bleeding 2
bliss 4
boon 8
breezes 4
brimming 2
bring 25
broken 4
bubbling 3
bull 1
burnishd 3
carpet 1
carried 2
caves 9
cells 2
centre 3
chalky 1
champion 1
chough 1
churl 1
churns 1
circlet 1
clearly 2
climes 4
coming 6
conquering 2
consort 12
consulting 1
consummate 2
continents 2
coracian 1
critics 5
dames 2
dams 4
defence 1
diocles 1
directions 3
discharged 4
discolourd 1
dispreads 1
disrespect 1
distinguishd 10
dividing 1
dooming 1
dozy 1
dress 6
droopd 1
dungeon 6
earliest 4
easy 7
effort 1
elect 1
enthroned 2
erratic 1
erring 4
error 1
eurymachus 6
everwatchful 1
everything 4
exercised 3
experienced 6
exulting 2
famine 3
feast 81
feasting 3
fires 12
fisher 1
fleeces 1
found 34
fruitful 13
frustrate 1
gallant 8
glaucus 7
glitter 1
gordius 1
gory 2
grants 4
grottoes 1
hardly 2
hardouin 1
haughty 13
healing 2
helpless 4
here 100
hesitation 1
hesper 1
highthroned 1
household 5
illpersuading 1
incite 1
inclose 3
indolent 1
inextricably 1
intercourse 1
invaders 2
invisible 3
ithacensian 1
judged 1
juice 6
kind 47
lambkin 1
land 97
laud 1
lie 19
lodge 6
lodgments 3
majestic 21
mangled 1
mariners 6
meagre 4
meantime 36
menelads 1
merchants 1
middle 2
mindless 1
minstrels 1
mistaking 1
moreover 4
morn 20
murderd 1
murders 1
musician 1
needs 2
nestors 7
noiseful 1
nomine 1
nymphs 13
objections 1
offerings 4
offices 1
ogygia 1
other 50
overhang 1
pangs 1
parentage 1
passage 16
pays 3
perjured 2
pile 11
pitying 8
pleiads 1
polyphemus 1
portal 6
powerfully 1
presides 2
prevaild 1
prevailed 1
proclaim 4
proper 2
provoking 1
prudence 5
pylaemenes 1
ravenous 1
ravishd 3
reading 7
recording 1
recounting 1
recreant 1
reputed 1
requires 2
righteous 8
roar 22
roast 1
robd 1
rushing 9
sail 24
sailed 2
salutes 3
sat 5
satisfactory 1
seaward 2
seer 17
sees 9
sends 7
shafts 2
shallow 1
shepherds 1
signatures 1
sinecurists 1
sing 8
sirens 3
sitting 2
snatchd 14
sounds 13
spider 1
spins 1
steering 1
strew 2
strews 1
strippd 1
strives 1
strung 2
sufferd 1
summond 2
supports 1
sympathy 1
tails 1
tame 2
taphian 5
tempests 11
ten 17
terpander 1
text 4
the 7490
thebais 2
theseid 1
thirst 13
thrasymed 4
threw 11
thundering 11
tie 2
torments 1
trace 9
treasured 2
treasures 17
twilight 2
unintelligible 1
utmost 12
van 2
vanity 1
version 3
vindicating 1
vivid 1
vocal 4
wag 1
warmth 2
watched 1
wert 5
win 2
wistful 1
wits 1
womb 2
wretched 24
yearling 2
yoke 4
yon 14
