3160 1
adorn 5
aeneid 1
aimd 1
allied 1
allotted 3
along 70
ambrosial 7
analysis 3
approves 2
ardours 1
assenting 3
avail 2
avenge 7
awkward 1
barbarous 4
bark 27
beauties 1
bedewd 1
belies 1
bended 1
blackens 4
bless 17
blindly 3
blueeyed 6
breaks 4
breathed 11
callida 1
cautious 10
childlike 1
choose 4
cliffs 11
coasts 4
commence 1
complied 1
computers 1
confine 1
connecting 2
considerable 4
consigned 1
continues 7
court 46
coy 3
critic 1
crowd 14
cry 6
cups 1
dangers 10
daughters 8
dayreflection 1
deaf 5
debarrd 1
deceit 3
degenerate 1
descended 8
deserts 1
designing 1
detail 3
devotions 1
diffused 3
discovering 1
discrepancy 1
disfigure 2
disguise 15
districts 1
diviners 1
dominions 3
dreadful 48
drives 6
elatreus 1
elder 2
elphenor 1
embellishment 2
emendations 2
employes 1
enabling 1
encumberd 2
engine 1
epaean 1
evidences 2
exile 8
expressd 7
extended 8
father 46
festival 4
firmly 2
fool 4
forces 2
forerunner 1
fowls 1
fraudful 8
fruitage 1
gazes 1
glads 1
glimmering 1
goddesses 1
gone 3
governments 1
grateful 21
greedy 2
grieve 8
grot 8
hastend 2
head 36
held 15
hermes 15
hermione 2
herself 11
hill 11
historical 7
honord 1
hosts 2
hovers 2
hyacinthine 1
idomeneus 1
imitators 1
impels 1
importunate 1
impotence 1
infallible 1
inferiority 1
infers 1
instructs 1
invite 12
involve 1
issued 2
joves 19
just 37
justus 1
kindly 3
kingly 1
knows 7
lachmann 1
laertes 17
latent 6
leader 5
leap 2
lesser 1
levers 1
lifting 1
lineaments 1
living 18
maiden 1
manly 18
mantle 3
marked 2
marriage 2
marshes 1
may 79
megapenthas 2
misjudging 1
mitigate 1
modern 7
morsels 3
mountain 10
much 46
must 68
neglected 2
nymph 32
oars 20
obdurate 1
obtained 1
oerhung 1
once 61
opens 2
oriental 1
overcomes 1
pandarus 1
pathless 2
patriot 1
peisistratus 16
perjury 1
perplexed 1
personal 2
point 14
pompilius 1
ports 2
power 99
preceptor 1
prevail 4
profanely 1
prop 1
prophets 2
prosper 1
proteus 4
pursues 3
questionable 1
questiond 1
rash 3
read 14
reluctance 1
remarked 2
reproachd 1
reprove 3
require 8
reservedly 1
responsive 4
rest 80
retiring 1
revered 7
rhadamanthus 1
rhapsodic 1
richest 3
ripen 3
rite 16
room 5
ruins 3
rushd 14
sceptic 1
scholar 1
seas 48
servants 4
serve 2
seventh 6
sharp 3
she 201
sheet 4
shivering 5
shown 3
sire 66
situation 1
slumbering 4
soldiers 5
sought 23
sounder 1
sow 1
splendours 5
stag 2
stalks 1
statement 3
steeled 1
stiffend 1
stock 2
stored 7
strand 20
strength 26
stretches 1
subsequently 1
suffered 3
superior 14
supply 13
surgy 2
surround 9
sways 1
tastes 2
testamenthas 1
testimony 3
thee 118
them 65
therefore 5
thieves 1
thinkthink 1
threatend 1
throat 1
tiresias 5
tis 37
tomb 10
toys 1
transfix 1
trench 2
tyrtaeus 1
unarmd 1
unassisted 1
unbelieving 1
unfriended 2
unhopedfor 2
universal 1
unmilkd 1
untaught 2
unthought 1
unwashd 1
unwonted 1
vain 102
vanishd 7
venomd 1
venturous 2
verdant 9
visiting 1
voices 3
void 4
vulture 1
wails 1
wasteful 2
wax 2
wearied 3
weeping 6
welldrawn 1
whatever 7
wholesale 1
willsbut 1
wisdom 30
wisdoms 4
woes 82
womens 2
workd 1
worst 6
write 2
xiii 1
yellow 3
zephyr 1
