accordingly 1
actively 1
addressing 3
aeaetes 1
affianced 4
ages 6
agoras 1
air 77
ajax 5
alcippes 1
alive 7
aloft 6
amazing 3
ambasineus 1
amongst 1
any 25
archaic 1
argive 5
artist 3
ascending 4
associate 1
atoned 3
attempt 5
attractive 4
attributes 1
aware 1
backward 5
basely 1
be 233
beasts 9
began 35
begot 1
believe 10
betray 9
bevy 1
blind 13
blooms 3
boar 9
both 19
brackish 2
brindled 1
browse 1
buckley 1
builds 2
carpets 6
caused 3
cemented 1
certain 9
champaign 1
cherishes 1
cicons 5
cincture 2
circes 5
cleanax 1
coleridge 1
comest 5
commencement 1
conducted 1
conference 4
confess 5
consumd 1
crieda 1
crow 1
crown 18
day 128
deceived 2
declared 6
declaring 1
decreased 1
dedicate 1
defame 2
deltoz 1
delusive 1
denounce 1
derive 1
desperate 6
destroyd 3
disappointed 1
discerns 1
discord 3
disembarking 1
downloading 1
drive 7
earth 55
east 10
embodied 4
embroil 1
emotions 1
endeavour 1
ended 4
enormous 10
entangled 1
ethereal 18
ever 49
excellence 3
exciting 2
expenses 1
experience 7
exults 1
eyeless 2
faints 2
falling 6
fans 1
fates 34
fatten 1
fawns 2
fear 32
fearst 1
feasts 4
feel 9
fifty 5
flourished 2
folded 2
fondly 3
fondness 1
forego 1
fray 3
freely 1
frequentation 1
frowning 2
furry 1
gauntlet 5
gazing 3
ghosts 6
gilt 1
glanced 1
glebe 1
goatskin 1
greater 3
grisly 4
groves 9
hairs 4
halsers 3
happiness 4
hasted 1
his 1194
historian 1
houses 1
id 2
if 164
ilions 8
illumined 3
impressd 1
impressions 1
incalculable 1
industry 2
informs 2
ingredients 1
interval 1
introduction 3
invites 7
irregular 2
issue 3
judicious 1
keep 9
kept 5
kindle 1
kinds 5
libations 4
lies 37
lions 7
livelihood 1
loathed 1
lulld 1
mainspring 1
maintaining 1
maintenance 1
malicious 1
matrons 3
megapenthe 1
mentioned 2
methinks 2
mind 93
mischiefs 2
mists 4
monstrous 8
navies 1
neighbring 1
neptunes 9
neritus 2
nerves 3
never 50
no 158
noemon 3
odins 1
odious 1
officious 3
oils 2
omitting 1
oral 1
orbit 1
orders 7
outweighs 1
painted 4
palace 56
pales 1
particulars 2
passion 10
pastime 1
pelias 1
pensive 26
people 23
peoples 7
performed 1
pervading 1
phorcys 3
pilgrimage 1
pisistratus 11
piteous 3
plagues 1
pleasd 1
poetical 6
poets 10
precept 1
princess 4
proclaims 4
prolegomena 1
prosperous 10
provide 7
quitting 1
ray 26
realize 1
rebellows 1
reconstruct 1
records 1
reducing 1
rejoined 1
remnant 1
remnants 1
remote 16
renamed 1
repassd 3
replies 33
repress 2
reproduce 1
requested 1
restoration 1
retreating 4
returns 16
rid 2
rim 1
rites 27
sanction 4
scarrd 1
scatterd 6
second 11
seducing 1
selfmoved 2
seventeenth 1
severe 6
sheds 5
shoals 2
since 37
sister 5
skilled 1
southern 2
spied 3
spoils 13
stand 47
standard 2
starts 1
steals 3
steaming 1
streaks 1
stride 1
subordinate 1
subside 2
successless 2
sung 8
surety 1
surprising 1
swifter 1
swilld 2
thought 36
thoughts 18
thousands 1
through 132
throws 3
title 7
translucent 5
tune 3
tutord 1
tyro 2
udders 1
unchanged 1
uninformd 1
uninhabited 1
unnumbered 1
unsuspecting 1
upheaved 1
upper 2
vernal 1
views 10
vindicate 2
volunteers 1
vouch 1
vouchsafes 2
vows 19
wailing 2
wants 8
watery 41
waveworn 1
we 302
were 98
whoever 1
widend 1
widepatchd 1
wing 14
wishd 5
woe 58
womankind 5
worthless 1
