2003 1
abandonment 1
advocates 1
again 30
aid 34
appearance 1
approve 3
ardent 3
area 1
array 5
arrive 2
arrivest 2
athenians 4
ballads 4
basks 1
beach 4
befriend 2
believing 4
bereaved 2
birds 3
births 1
bitter 4
blackend 1
blaspheme 1
blaze 13
bone 1
bribe 2
brightening 3
brighter 3
brutian 1
buskins 1
buttmann 1
caldron 1
calm 12
calmd 2
casts 4
catch 2
caution 1
caverns 4
cento 1
charity 2
chiefs 11
chilly 2
chine 2
chose 11
cid 1
cimmeria 1
clever 1
coat 2
command 42
commutual 1
compiler 1
confessd 12
confirm 3
considerably 1
continent 1
continue 2
conversations 1
craggy 4
create 2
crowned 1
crowns 2
cubit 2
cyprian 1
dashd 9
decays 4
deepimaged 1
defended 4
denied 9
denies 12
depart 2
depth 4
deputed 2
descry 3
designed 1
deterred 1
dignity 3
directed 2
disabled 1
disdains 2
dishonour 1
disk 1
disparted 1
dispute 1
doth 1
drops 2
dungeons 2
dyes 1
eagles 2
electronic 1
ell 1
embroils 1
empire 4
englishfar 1
ennobling 1
entangling 1
equivalent 1
essentially 2
established 1
eurypylus 1
evening 18
excellent 1
explores 3
extraordinary 1
eyeball 3
favourable 3
favoured 2
fearless 2
feeble 4
figs 4
finely 2
flay 1
florian 1
flower 3
fond 20
ford 1
forky 3
fretted 1
gazed 2
gentleman 1
giantstrides 1
gifts 33
grapes 2
growing 1
halfheard 1
hardy 1
heralds 6
heroines 1
homer 57
howl 2
iambic 1
immigrations 1
incumbent 3
indissolubly 1
inhaling 1
inject 1
intellectual 1
involved 7
iphthima 2
ithacas 2
jostling 1
kill 4
latona 2
launch 9
lawn 8
leocritus 1
lit 1
literary 8
longprotracted 1
magic 15
malen 1
maritime 1
meal 2
mean 7
measure 11
measured 7
morningstar 1
mulct 2
mycenae 1
necessity 6
newfallen 1
northward 1
nought 3
ocyalus 1
oerthrown 1
oh 62
opposite 1
orsilochus 1
osier 1
ox 4
palls 1
penal 1
persuaded 3
pest 4
pierce 2
pirithous 1
pomps 1
poor 10
pours 11
pramnian 1
pressd 31
procession 1
product 1
prolong 6
quicksand 1
quiet 1
racy 1
rapidly 1
reclaim 2
reeld 4
refreshd 3
refreshing 3
refund 1
rejoind 18
rekindled 2
renownd 13
repaid 1
restore 13
revenges 1
reverence 5
rising 43
roard 2
rule 10
sacred 71
saint 1
scene 23
scourd 1
scudding 1
sea 47
seconding 1
secured 3
seemd 6
selfadmiring 1
sentences 1
sepulchral 1
service 1
seventeen 2
shining 19
signs 2
silvershafted 1
sinewy 2
sirene 1
slumberous 3
society 4
soldier 3
speak 23
spectator 1
spectres 6
speech 15
sports 4
stoop 1
stops 2
storehouse 1
stratagems 1
string 5
substantial 2
summits 1
supremely 3
suspecting 1
swarms 4
swelld 5
swiftest 4
tell 26
tempted 1
theoclymenus 3
third 7
thongs 1
tides 16
tire 1
touched 3
treatment 2
tremendous 12
unbound 6
unhallowed 1
unite 1
unrestraind 1
unutterable 1
upbore 2
vagrant 2
vale 2
valerius 1
vases 1
verdure 1
viewd 14
walk 4
warbling 4
warning 1
water 16
whats 1
whirl 5
wholewe 1
windy 1
withdraw 1
witherd 4
wolfs 2
wonder 19
wont 2
wouldbe 1
wreck 3
writer 7
writhen 2
xii 1
ye 90
year 17
