abstain 1
aegae 1
aegysthus 11
aims 4
alarms 6
all 419
already 24
anchord 6
angry 9
arching 2
armd 6
assemblies 2
assignd 9
averse 4
awaits 1
bathe 7
bathing 1
bears 16
becomes 5
benign 1
borne 10
bound 28
boundless 8
bowls 8
brain 3
break 5
breathing 6
broad 16
bursting 1
can 69
case 4
catholicity 1
cease 25
ceaseless 2
chastity 1
chilld 1
claim 26
collector 1
commodious 1
communed 2
congenial 2
connect 2
connubial 4
could 39
couldst 3
counterfeit 1
courses 1
crux 1
daughter 27
demigods 2
design 11
destiny 2
dictated 2
dimmd 1
disastrous 9
disdain 5
disproving 1
distended 1
doom 26
dreamthe 1
due 31
emancipate 1
embowerd 1
embroidered 1
emulate 2
encounter 1
endured 1
episodes 1
equalled 1
erythrae 2
escape 3
event 5
everduring 3
examinations 1
examines 1
examining 1
exceeds 1
extending 1
fame 73
filthy 1
finds 3
first 96
fleets 4
flies 48
florid 2
friendless 2
from 686
fulness 1
fund 1
furnishd 2
gain 13
gamesome 1
gather 4
gerestus 1
giddy 3
godlike 26
good 33
gradual 1
grasp 3
gratitude 3
greece 34
greens 1
hail 15
harbour 4
hardend 2
haunt 4
heard 49
heaved 13
heavenward 1
hitherto 1
huge 14
humbles 2
ignoble 3
impart 5
impatience 2
importance 2
indignation 2
infold 2
inscribed 1
intorted 1
ive 1
ix 1
judges 2
knotted 1
lamentable 3
leaders 3
legend 2
mantius 2
margin 3
marrow 1
mars 15
mastiffs 1
mazy 5
meads 5
menial 10
metals 1
metrical 1
minds 5
ministrant 1
miracle 2
mounds 2
mournful 13
myrmidons 1
naubolides 1
nimble 3
nobody 1
non 1
objects 1
oblivion 6
oerwhelmd 4
offenders 1
ourselvesin 1
outspread 1
own 57
paytheir 1
peisistratusnothing 1
person 5
perusing 1
phaedra 1
plans 2
polycaste 1
press 12
previously 4
primitive 6
profferd 2
projects 1
provided 1
prudent 11
prymneus 1
purer 1
purity 2
purposes 1
quelld 1
radiance 1
radiant 25
raged 6
readers 4
rears 5
reception 4
reflected 1
reignd 2
reind 1
rejoice 2
relates 10
resounds 7
resume 2
returnd 19
returned 1
returning 10
revels 3
richer 1
ridiculous 1
rise 62
rock 35
sackd 3
sallied 1
sated 1
savages 1
save 17
scherias 2
scholastic 2
schoolfellows 1
semblant 1
sending 1
seniors 2
sentiments 2
separated 1
sequesterd 3
showers 8
silverd 1
sleek 1
sluices 2
smarting 1
solitude 3
squared 1
stags 1
stays 3
stowd 1
strowd 1
subject 14
sunny 2
sway 22
talkative 1
than 83
thousa 1
threemouthd 1
thucydides 2
to 2434
too 46
transferred 1
transient 1
translated 1
tribunal 1
unchangeable 1
unchaste 2
uncommon 1
undertaken 1
undisguised 1
unequalld 2
unity 8
unknown 28
unmixd 3
unrivalld 5
unusual 1
unworthy 1
veins 7
vermilion 1
very 12
viewed 1
violence 6
visitors 1
vocari 1
walkd 2
wandering 17
warbles 1
wary 1
wasted 2
ways 10
wellfought 2
whitens 3
will 96
won 8
works 14
worn 9
wrinkled 2
xi 1
zeal 4
