58 1
6 1
776 1
abundance 2
achieved 1
adds 3
aeolian 1
agamemnons 2
aghast 5
ago 2
although 5
ample 22
amythaon 1
answer 5
apollo 7
apotheosis 1
architectonic 1
arete 7
army 1
arrivd 1
asserts 1
assist 1
athenian 9
atreus 1
beat 9
below 27
betters 1
blade 4
blasts 3
blessed 2
bloody 9
bodys 1
boethoedes 1
boldest 3
booming 1
bounding 13
boys 1
braind 1
brand 3
brightest 1
brought 19
but 452
cables 4
call 20
calmness 1
capital 3
casket 1
chapmans 1
characters 1
chaste 11
chloris 1
circumfluous 1
coast 79
complies 2
conclusive 1
conquest 9
conscious 17
contained 1
contending 2
copyright 2
cord 1
cretes 1
cross 4
daring 6
debauch 2
defend 3
dejected 1
delight 20
delivering 1
deserve 1
despotisms 1
devise 1
direct 9
dislodge 1
dispensed 1
displayd 8
distressd 5
distributed 1
diurnal 2
domestic 13
doubt 16
doubting 2
drains 2
dramatic 1
drivers 1
dusty 1
enchanted 2
enters 1
eurytus 2
everfragrant 1
explain 5
explore 16
exquisite 2
exult 1
fails 1
fared 1
faultless 2
favouring 11
feeder 1
fightssubdues 1
find 25
flows 13
fowl 5
frankincense 1
free 23
french 2
funeral 2
gives 27
goblets 7
grace 62
gulfs 3
hair 4
him 225
hoary 11
homeros 2
horn 3
horribly 1
however 16
ignorance 2
illrestraind 1
illustriously 1
impurpled 1
incase 1
increase 8
incursion 1
indelible 1
inflames 1
ionia 1
jealously 2
laborious 4
larger 2
leads 13
leaps 1
lighted 2
literature 3
longcontinued 2
loquacious 1
lose 7
lotus 2
lun 1
lurk 1
lurks 2
mantling 1
marathon 1
mendicant 1
met 18
mighty 43
mocks 2
mounts 6
natives 2
nectareous 2
niggard 1
not 199
object 8
offence 3
offend 2
olive 2
originally 2
osiers 3
palm 1
particularly 2
pass 16
perfectly 1
perform 2
philacus 1
pine 3
pittance 1
plumage 1
plunge 9
poemsthe 1
poetasters 1
pomegranate 2
powerful 10
practice 3
precede 1
prevailing 1
probable 1
procured 1
profitable 2
prophecies 3
prophetic 6
protect 2
prove 19
pylein 1
pylian 7
pylians 1
pylos 16
pyre 2
quaint 1
railing 1
range 6
ready 24
recalls 1
receive 16
regards 1
relating 2
release 4
remodelled 1
repel 2
respite 1
resplendent 2
resumes 3
rocks 31
rode 2
roof 13
roved 1
ruffling 1
rush 9
sate 34
satisfaction 3
scaping 1
scent 3
scott 1
searches 1
semblance 5
senses 1
shears 1
shook 10
shout 3
sift 1
sin 1
slave 11
slept 9
solon 4
songs 11
spouting 2
staggering 1
stamped 1
star 2
steer 8
stiffer 1
stolen 1
strip 2
studded 1
succeeded 2
suffice 11
suffices 2
suit 11
sulphur 1
sum 4
sup 1
taint 4
taught 17
teichos 1
tempestuous 3
tempts 1
theatres 1
they 316
thickend 1
thronging 2
throughout 1
tools 1
transmitted 1
transported 5
traverse 1
treat 2
trembles 3
trustworthy 2
tusks 1
tyrant 2
uncertainty 3
unnerved 1
unnerves 1
unsafe 1
unsincere 1
unveils 2
usual 2
vessels 23
vestures 7
vexation 1
villainy 1
waked 3
warms 7
welcome 12
western 10
wield 9
wimbles 1
with 1329
wonted 1
wrathful 1
zephyrus 1
